{"C:\\Users\\Micro\\Desktop\\SEC\\BACKEND\\API_CONFEITARIA\\app.js": {"path":"C:\\Users\\Micro\\Desktop\\SEC\\BACKEND\\API_CONFEITARIA\\app.js","statementMap":{"0":{"start":{"line":1,"column":16},"end":{"line":1,"column":34}},"1":{"start":{"line":2,"column":15},"end":{"line":2,"column":34}},"2":{"start":{"line":3,"column":13},"end":{"line":3,"column":28}},"3":{"start":{"line":5,"column":12},"end":{"line":5,"column":21}},"4":{"start":{"line":7,"column":0},"end":{"line":7,"column":51}},"5":{"start":{"line":8,"column":0},"end":{"line":8,"column":24}},"6":{"start":{"line":9,"column":0},"end":{"line":9,"column":36}},"7":{"start":{"line":11,"column":0},"end":{"line":11,"column":21}}},"fnMap":{},"branchMap":{},"s":{"0":6,"1":6,"2":6,"3":6,"4":6,"5":6,"6":6,"7":6},"f":{},"b":{},"_coverageSchema":"1a1c01bbd47fc00a2c39e90264f33305004495a9","hash":"a4dba2fe8273b56e0570524ab715dbb30690955a"}
,"C:\\Users\\Micro\\Desktop\\SEC\\BACKEND\\API_CONFEITARIA\\controllers\\LoginController.js": {"path":"C:\\Users\\Micro\\Desktop\\SEC\\BACKEND\\API_CONFEITARIA\\controllers\\LoginController.js","statementMap":{"0":{"start":{"line":1,"column":0},"end":{"line":1,"column":26}},"1":{"start":{"line":2,"column":18},"end":{"line":2,"column":40}},"2":{"start":{"line":4,"column":25},"end":{"line":4,"column":50}},"3":{"start":{"line":5,"column":15},"end":{"line":5,"column":33}},"4":{"start":{"line":7,"column":12},"end":{"line":7,"column":35}},"5":{"start":{"line":9,"column":16},"end":{"line":9,"column":45}},"6":{"start":{"line":16,"column":12},"end":{"line":16,"column":20}},"7":{"start":{"line":18,"column":8},"end":{"line":20,"column":9}},"8":{"start":{"line":19,"column":12},"end":{"line":19,"column":75}},"9":{"start":{"line":22,"column":8},"end":{"line":24,"column":9}},"10":{"start":{"line":23,"column":12},"end":{"line":23,"column":75}},"11":{"start":{"line":26,"column":21},"end":{"line":30,"column":10}},"12":{"start":{"line":32,"column":8},"end":{"line":34,"column":9}},"13":{"start":{"line":33,"column":12},"end":{"line":33,"column":79}},"14":{"start":{"line":36,"column":30},"end":{"line":36,"column":58}},"15":{"start":{"line":38,"column":8},"end":{"line":40,"column":9}},"16":{"start":{"line":39,"column":12},"end":{"line":39,"column":60}},"17":{"start":{"line":42,"column":32},"end":{"line":42,"column":56}},"18":{"start":{"line":44,"column":8},"end":{"line":54,"column":9}},"19":{"start":{"line":45,"column":30},"end":{"line":45,"column":34}},"20":{"start":{"line":46,"column":26},"end":{"line":48,"column":14}},"21":{"start":{"line":50,"column":12},"end":{"line":50,"column":109}},"22":{"start":{"line":53,"column":12},"end":{"line":53,"column":34}},"23":{"start":{"line":58,"column":0},"end":{"line":58,"column":33}}},"fnMap":{"0":{"name":"(anonymous_0)","decl":{"start":{"line":12,"column":4},"end":{"line":12,"column":5}},"loc":{"start":{"line":12,"column":33},"end":{"line":55,"column":5}},"line":12}},"branchMap":{"0":{"loc":{"start":{"line":18,"column":8},"end":{"line":20,"column":9}},"type":"if","locations":[{"start":{"line":18,"column":8},"end":{"line":20,"column":9}},{"start":{},"end":{}}],"line":18},"1":{"loc":{"start":{"line":22,"column":8},"end":{"line":24,"column":9}},"type":"if","locations":[{"start":{"line":22,"column":8},"end":{"line":24,"column":9}},{"start":{},"end":{}}],"line":22},"2":{"loc":{"start":{"line":32,"column":8},"end":{"line":34,"column":9}},"type":"if","locations":[{"start":{"line":32,"column":8},"end":{"line":34,"column":9}},{"start":{},"end":{}}],"line":32},"3":{"loc":{"start":{"line":38,"column":8},"end":{"line":40,"column":9}},"type":"if","locations":[{"start":{"line":38,"column":8},"end":{"line":40,"column":9}},{"start":{},"end":{}}],"line":38}},"s":{"0":6,"1":6,"2":6,"3":6,"4":6,"5":6,"6":5,"7":5,"8":1,"9":4,"10":1,"11":3,"12":3,"13":1,"14":2,"15":2,"16":1,"17":2,"18":2,"19":2,"20":2,"21":2,"22":1,"23":6},"f":{"0":5},"b":{"0":[1,4],"1":[1,3],"2":[1,2],"3":[1,1]},"_coverageSchema":"1a1c01bbd47fc00a2c39e90264f33305004495a9","hash":"d5adf473e9d2e625a0a33080a9fc9c281a39ad6d"}
,"C:\\Users\\Micro\\Desktop\\SEC\\BACKEND\\API_CONFEITARIA\\controllers\\OrderController.js": {"path":"C:\\Users\\Micro\\Desktop\\SEC\\BACKEND\\API_CONFEITARIA\\controllers\\OrderController.js","statementMap":{"0":{"start":{"line":1,"column":39},"end":{"line":1,"column":64}},"1":{"start":{"line":2,"column":15},"end":{"line":2,"column":33}},"2":{"start":{"line":3,"column":23},"end":{"line":3,"column":38}},"3":{"start":{"line":4,"column":22},"end":{"line":4,"column":54}},"4":{"start":{"line":8,"column":38},"end":{"line":8,"column":46}},"5":{"start":{"line":9,"column":23},"end":{"line":9,"column":47}},"6":{"start":{"line":11,"column":4},"end":{"line":248,"column":5}},"7":{"start":{"line":13,"column":6},"end":{"line":22,"column":7}},"8":{"start":{"line":19,"column":8},"end":{"line":21,"column":11}},"9":{"start":{"line":24,"column":35},"end":{"line":24,"column":60}},"10":{"start":{"line":26,"column":29},"end":{"line":26,"column":30}},"11":{"start":{"line":27,"column":33},"end":{"line":27,"column":35}},"12":{"start":{"line":28,"column":48},"end":{"line":28,"column":57}},"13":{"start":{"line":31,"column":6},"end":{"line":98,"column":7}},"14":{"start":{"line":32,"column":35},"end":{"line":32,"column":45}},"15":{"start":{"line":34,"column":8},"end":{"line":38,"column":9}},"16":{"start":{"line":35,"column":10},"end":{"line":37,"column":13}},"17":{"start":{"line":40,"column":24},"end":{"line":49,"column":10}},"18":{"start":{"line":51,"column":8},"end":{"line":55,"column":9}},"19":{"start":{"line":52,"column":10},"end":{"line":54,"column":74}},"20":{"start":{"line":56,"column":8},"end":{"line":60,"column":9}},"21":{"start":{"line":57,"column":10},"end":{"line":59,"column":13}},"22":{"start":{"line":62,"column":8},"end":{"line":62,"column":58}},"23":{"start":{"line":63,"column":8},"end":{"line":63,"column":76}},"24":{"start":{"line":65,"column":8},"end":{"line":97,"column":9}},"25":{"start":{"line":66,"column":37},"end":{"line":66,"column":69}},"26":{"start":{"line":67,"column":32},"end":{"line":67,"column":53}},"27":{"start":{"line":70,"column":12},"end":{"line":70,"column":48}},"28":{"start":{"line":72,"column":12},"end":{"line":72,"column":51}},"29":{"start":{"line":74,"column":10},"end":{"line":84,"column":11}},"30":{"start":{"line":75,"column":12},"end":{"line":83,"column":15}},"31":{"start":{"line":86,"column":12},"end":{"line":86,"column":64}},"32":{"start":{"line":88,"column":10},"end":{"line":96,"column":11}},"33":{"start":{"line":90,"column":12},"end":{"line":91,"column":50}},"34":{"start":{"line":94,"column":12},"end":{"line":95,"column":53}},"35":{"start":{"line":101,"column":23},"end":{"line":101,"column":25}},"36":{"start":{"line":102,"column":6},"end":{"line":150,"column":7}},"37":{"start":{"line":114,"column":12},"end":{"line":114,"column":27}},"38":{"start":{"line":116,"column":8},"end":{"line":149,"column":9}},"39":{"start":{"line":117,"column":10},"end":{"line":125,"column":11}},"40":{"start":{"line":118,"column":12},"end":{"line":124,"column":15}},"41":{"start":{"line":129,"column":46},"end":{"line":132,"column":11}},"42":{"start":{"line":134,"column":12},"end":{"line":135,"column":46}},"43":{"start":{"line":137,"column":10},"end":{"line":148,"column":11}},"44":{"start":{"line":139,"column":12},"end":{"line":147,"column":15}},"45":{"start":{"line":152,"column":6},"end":{"line":157,"column":7}},"46":{"start":{"line":153,"column":8},"end":{"line":156,"column":11}},"47":{"start":{"line":160,"column":23},"end":{"line":160,"column":31}},"48":{"start":{"line":161,"column":25},"end":{"line":161,"column":27}},"49":{"start":{"line":164,"column":6},"end":{"line":207,"column":7}},"50":{"start":{"line":173,"column":12},"end":{"line":173,"column":27}},"51":{"start":{"line":175,"column":8},"end":{"line":206,"column":9}},"52":{"start":{"line":176,"column":10},"end":{"line":185,"column":12}},"53":{"start":{"line":189,"column":46},"end":{"line":192,"column":11}},"54":{"start":{"line":195,"column":12},"end":{"line":196,"column":46}},"55":{"start":{"line":198,"column":10},"end":{"line":205,"column":12}},"56":{"start":{"line":210,"column":6},"end":{"line":220,"column":8}},"57":{"start":{"line":223,"column":6},"end":{"line":233,"column":7}},"58":{"start":{"line":224,"column":8},"end":{"line":232,"column":10}},"59":{"start":{"line":235,"column":6},"end":{"line":235,"column":44}},"60":{"start":{"line":237,"column":6},"end":{"line":241,"column":9}},"61":{"start":{"line":243,"column":6},"end":{"line":243,"column":54}},"62":{"start":{"line":244,"column":6},"end":{"line":247,"column":9}},"63":{"start":{"line":252,"column":4},"end":{"line":298,"column":5}},"64":{"start":{"line":253,"column":30},"end":{"line":253,"column":39}},"65":{"start":{"line":256,"column":6},"end":{"line":288,"column":7}},"66":{"start":{"line":257,"column":30},"end":{"line":257,"column":55}},"67":{"start":{"line":258,"column":8},"end":{"line":271,"column":11}},"68":{"start":{"line":273,"column":8},"end":{"line":277,"column":9}},"69":{"start":{"line":274,"column":10},"end":{"line":276,"column":74}},"70":{"start":{"line":279,"column":8},"end":{"line":287,"column":11}},"71":{"start":{"line":290,"column":6},"end":{"line":292,"column":64}},"72":{"start":{"line":294,"column":6},"end":{"line":294,"column":54}},"73":{"start":{"line":295,"column":6},"end":{"line":297,"column":71}},"74":{"start":{"line":302,"column":4},"end":{"line":326,"column":5}},"75":{"start":{"line":303,"column":21},"end":{"line":303,"column":31}},"76":{"start":{"line":305,"column":21},"end":{"line":314,"column":8}},"77":{"start":{"line":316,"column":6},"end":{"line":318,"column":7}},"78":{"start":{"line":317,"column":8},"end":{"line":317,"column":71}},"79":{"start":{"line":320,"column":6},"end":{"line":320,"column":73}},"80":{"start":{"line":322,"column":6},"end":{"line":322,"column":60}},"81":{"start":{"line":323,"column":6},"end":{"line":325,"column":72}},"82":{"start":{"line":330,"column":19},"end":{"line":330,"column":29}},"83":{"start":{"line":331,"column":53},"end":{"line":331,"column":61}},"84":{"start":{"line":333,"column":4},"end":{"line":605,"column":5}},"85":{"start":{"line":334,"column":30},"end":{"line":351,"column":8}},"86":{"start":{"line":353,"column":6},"end":{"line":355,"column":7}},"87":{"start":{"line":354,"column":8},"end":{"line":354,"column":73}},"88":{"start":{"line":357,"column":6},"end":{"line":361,"column":7}},"89":{"start":{"line":358,"column":8},"end":{"line":360,"column":11}},"90":{"start":{"line":363,"column":25},"end":{"line":363,"column":27}},"91":{"start":{"line":366,"column":6},"end":{"line":405,"column":7}},"92":{"start":{"line":367,"column":35},"end":{"line":367,"column":48}},"93":{"start":{"line":368,"column":38},"end":{"line":368,"column":48}},"94":{"start":{"line":370,"column":8},"end":{"line":404,"column":9}},"95":{"start":{"line":371,"column":37},"end":{"line":371,"column":67}},"96":{"start":{"line":372,"column":32},"end":{"line":372,"column":53}},"97":{"start":{"line":374,"column":37},"end":{"line":374,"column":38}},"98":{"start":{"line":376,"column":10},"end":{"line":390,"column":11}},"99":{"start":{"line":377,"column":12},"end":{"line":378,"column":72}},"100":{"start":{"line":382,"column":14},"end":{"line":382,"column":74}},"101":{"start":{"line":383,"column":48},"end":{"line":386,"column":13}},"102":{"start":{"line":388,"column":12},"end":{"line":389,"column":77}},"103":{"start":{"line":394,"column":10},"end":{"line":403,"column":12}},"104":{"start":{"line":408,"column":6},"end":{"line":412,"column":8}},"105":{"start":{"line":415,"column":33},"end":{"line":415,"column":34}},"106":{"start":{"line":416,"column":48},"end":{"line":416,"column":57}},"107":{"start":{"line":419,"column":6},"end":{"line":503,"column":7}},"108":{"start":{"line":420,"column":42},"end":{"line":420,"column":53}},"109":{"start":{"line":422,"column":8},"end":{"line":426,"column":9}},"110":{"start":{"line":423,"column":10},"end":{"line":425,"column":13}},"111":{"start":{"line":428,"column":24},"end":{"line":437,"column":10}},"112":{"start":{"line":439,"column":8},"end":{"line":443,"column":9}},"113":{"start":{"line":440,"column":10},"end":{"line":442,"column":69}},"114":{"start":{"line":444,"column":8},"end":{"line":448,"column":9}},"115":{"start":{"line":445,"column":10},"end":{"line":447,"column":13}},"116":{"start":{"line":450,"column":8},"end":{"line":450,"column":69}},"117":{"start":{"line":452,"column":8},"end":{"line":492,"column":9}},"118":{"start":{"line":453,"column":37},"end":{"line":453,"column":69}},"119":{"start":{"line":454,"column":32},"end":{"line":454,"column":53}},"120":{"start":{"line":456,"column":45},"end":{"line":456,"column":46}},"121":{"start":{"line":458,"column":10},"end":{"line":471,"column":11}},"122":{"start":{"line":459,"column":12},"end":{"line":460,"column":66}},"123":{"start":{"line":463,"column":14},"end":{"line":463,"column":68}},"124":{"start":{"line":464,"column":48},"end":{"line":467,"column":13}},"125":{"start":{"line":468,"column":12},"end":{"line":470,"column":49}},"126":{"start":{"line":473,"column":10},"end":{"line":481,"column":11}},"127":{"start":{"line":474,"column":12},"end":{"line":480,"column":15}},"128":{"start":{"line":483,"column":12},"end":{"line":483,"column":64}},"129":{"start":{"line":484,"column":10},"end":{"line":485,"column":41}},"130":{"start":{"line":487,"column":10},"end":{"line":491,"column":71}},"131":{"start":{"line":494,"column":8},"end":{"line":502,"column":10}},"132":{"start":{"line":506,"column":23},"end":{"line":506,"column":25}},"133":{"start":{"line":507,"column":6},"end":{"line":568,"column":7}},"134":{"start":{"line":514,"column":10},"end":{"line":516,"column":12}},"135":{"start":{"line":518,"column":8},"end":{"line":522,"column":9}},"136":{"start":{"line":519,"column":10},"end":{"line":521,"column":13}},"137":{"start":{"line":530,"column":12},"end":{"line":530,"column":27}},"138":{"start":{"line":532,"column":8},"end":{"line":567,"column":9}},"139":{"start":{"line":537,"column":10},"end":{"line":554,"column":13}},"140":{"start":{"line":557,"column":10},"end":{"line":566,"column":12}},"141":{"start":{"line":570,"column":6},"end":{"line":576,"column":7}},"142":{"start":{"line":572,"column":8},"end":{"line":575,"column":11}},"143":{"start":{"line":579,"column":6},"end":{"line":589,"column":8}},"144":{"start":{"line":592,"column":6},"end":{"line":592,"column":44}},"145":{"start":{"line":594,"column":6},"end":{"line":598,"column":9}},"146":{"start":{"line":600,"column":6},"end":{"line":600,"column":56}},"147":{"start":{"line":601,"column":6},"end":{"line":604,"column":9}},"148":{"start":{"line":609,"column":19},"end":{"line":609,"column":29}},"149":{"start":{"line":610,"column":27},"end":{"line":610,"column":35}},"150":{"start":{"line":611,"column":23},"end":{"line":611,"column":31}},"151":{"start":{"line":613,"column":4},"end":{"line":743,"column":5}},"152":{"start":{"line":615,"column":27},"end":{"line":618,"column":8}},"153":{"start":{"line":620,"column":6},"end":{"line":622,"column":7}},"154":{"start":{"line":621,"column":8},"end":{"line":621,"column":72}},"155":{"start":{"line":625,"column":6},"end":{"line":629,"column":7}},"156":{"start":{"line":626,"column":8},"end":{"line":628,"column":11}},"157":{"start":{"line":631,"column":6},"end":{"line":635,"column":7}},"158":{"start":{"line":632,"column":8},"end":{"line":634,"column":11}},"159":{"start":{"line":637,"column":6},"end":{"line":644,"column":7}},"160":{"start":{"line":641,"column":8},"end":{"line":643,"column":75}},"161":{"start":{"line":646,"column":6},"end":{"line":648,"column":7}},"162":{"start":{"line":647,"column":8},"end":{"line":647,"column":67}},"163":{"start":{"line":650,"column":25},"end":{"line":650,"column":27}},"164":{"start":{"line":654,"column":6},"end":{"line":719,"column":7}},"165":{"start":{"line":655,"column":31},"end":{"line":672,"column":10}},"166":{"start":{"line":674,"column":8},"end":{"line":677,"column":9}},"167":{"start":{"line":676,"column":10},"end":{"line":676,"column":74}},"168":{"start":{"line":680,"column":8},"end":{"line":718,"column":9}},"169":{"start":{"line":681,"column":45},"end":{"line":681,"column":69}},"170":{"start":{"line":682,"column":40},"end":{"line":682,"column":74}},"171":{"start":{"line":684,"column":10},"end":{"line":717,"column":11}},"172":{"start":{"line":685,"column":39},"end":{"line":685,"column":65}},"173":{"start":{"line":686,"column":39},"end":{"line":686,"column":40}},"174":{"start":{"line":688,"column":12},"end":{"line":707,"column":13}},"175":{"start":{"line":689,"column":14},"end":{"line":690,"column":78}},"176":{"start":{"line":693,"column":16},"end":{"line":694,"column":42}},"177":{"start":{"line":695,"column":50},"end":{"line":698,"column":15}},"178":{"start":{"line":700,"column":14},"end":{"line":704,"column":15}},"179":{"start":{"line":701,"column":16},"end":{"line":703,"column":18}},"180":{"start":{"line":705,"column":14},"end":{"line":706,"column":68}},"181":{"start":{"line":709,"column":12},"end":{"line":716,"column":14}},"182":{"start":{"line":722,"column":6},"end":{"line":727,"column":8}},"183":{"start":{"line":730,"column":6},"end":{"line":730,"column":44}},"184":{"start":{"line":732,"column":6},"end":{"line":734,"column":78}},"185":{"start":{"line":736,"column":6},"end":{"line":736,"column":66}},"186":{"start":{"line":737,"column":6},"end":{"line":739,"column":7}},"187":{"start":{"line":738,"column":8},"end":{"line":738,"column":62}},"188":{"start":{"line":740,"column":6},"end":{"line":742,"column":9}},"189":{"start":{"line":747,"column":29},"end":{"line":747,"column":39}},"190":{"start":{"line":748,"column":38},"end":{"line":748,"column":46}},"191":{"start":{"line":750,"column":4},"end":{"line":944,"column":5}},"192":{"start":{"line":751,"column":6},"end":{"line":755,"column":7}},"193":{"start":{"line":752,"column":8},"end":{"line":754,"column":78}},"194":{"start":{"line":757,"column":21},"end":{"line":759,"column":8}},"195":{"start":{"line":761,"column":6},"end":{"line":763,"column":7}},"196":{"start":{"line":762,"column":8},"end":{"line":762,"column":71}},"197":{"start":{"line":765,"column":6},"end":{"line":769,"column":7}},"198":{"start":{"line":766,"column":8},"end":{"line":768,"column":11}},"199":{"start":{"line":771,"column":22},"end":{"line":780,"column":8}},"200":{"start":{"line":782,"column":6},"end":{"line":786,"column":7}},"201":{"start":{"line":783,"column":8},"end":{"line":785,"column":72}},"202":{"start":{"line":787,"column":6},"end":{"line":791,"column":7}},"203":{"start":{"line":788,"column":8},"end":{"line":790,"column":11}},"204":{"start":{"line":794,"column":38},"end":{"line":794,"column":47}},"205":{"start":{"line":795,"column":6},"end":{"line":831,"column":7}},"206":{"start":{"line":796,"column":35},"end":{"line":796,"column":67}},"207":{"start":{"line":797,"column":30},"end":{"line":797,"column":51}},"208":{"start":{"line":799,"column":40},"end":{"line":799,"column":41}},"209":{"start":{"line":800,"column":39},"end":{"line":800,"column":40}},"210":{"start":{"line":802,"column":8},"end":{"line":817,"column":9}},"211":{"start":{"line":803,"column":10},"end":{"line":804,"column":64}},"212":{"start":{"line":805,"column":10},"end":{"line":807,"column":53}},"213":{"start":{"line":809,"column":10},"end":{"line":810,"column":67}},"214":{"start":{"line":811,"column":40},"end":{"line":814,"column":11}},"215":{"start":{"line":815,"column":10},"end":{"line":816,"column":68}},"216":{"start":{"line":819,"column":8},"end":{"line":826,"column":9}},"217":{"start":{"line":820,"column":10},"end":{"line":825,"column":13}},"218":{"start":{"line":828,"column":26},"end":{"line":828,"column":68}},"219":{"start":{"line":829,"column":8},"end":{"line":829,"column":73}},"220":{"start":{"line":830,"column":8},"end":{"line":830,"column":71}},"221":{"start":{"line":834,"column":23},"end":{"line":834,"column":25}},"222":{"start":{"line":835,"column":6},"end":{"line":864,"column":7}},"223":{"start":{"line":837,"column":10},"end":{"line":839,"column":12}},"224":{"start":{"line":841,"column":8},"end":{"line":846,"column":9}},"225":{"start":{"line":842,"column":10},"end":{"line":845,"column":13}},"226":{"start":{"line":848,"column":8},"end":{"line":863,"column":9}},"227":{"start":{"line":852,"column":10},"end":{"line":862,"column":13}},"228":{"start":{"line":866,"column":6},"end":{"line":871,"column":7}},"229":{"start":{"line":867,"column":8},"end":{"line":870,"column":11}},"230":{"start":{"line":874,"column":25},"end":{"line":874,"column":27}},"231":{"start":{"line":876,"column":6},"end":{"line":886,"column":7}},"232":{"start":{"line":877,"column":8},"end":{"line":885,"column":10}},"233":{"start":{"line":888,"column":37},"end":{"line":895,"column":8}},"234":{"start":{"line":897,"column":6},"end":{"line":916,"column":7}},"235":{"start":{"line":898,"column":8},"end":{"line":905,"column":10}},"236":{"start":{"line":907,"column":8},"end":{"line":915,"column":10}},"237":{"start":{"line":918,"column":6},"end":{"line":925,"column":8}},"238":{"start":{"line":927,"column":6},"end":{"line":927,"column":44}},"239":{"start":{"line":929,"column":31},"end":{"line":932,"column":8}},"240":{"start":{"line":934,"column":6},"end":{"line":937,"column":9}},"241":{"start":{"line":939,"column":6},"end":{"line":939,"column":67}},"242":{"start":{"line":940,"column":6},"end":{"line":943,"column":9}},"243":{"start":{"line":948,"column":40},"end":{"line":948,"column":50}},"244":{"start":{"line":949,"column":31},"end":{"line":949,"column":39}},"245":{"start":{"line":951,"column":4},"end":{"line":1186,"column":5}},"246":{"start":{"line":953,"column":30},"end":{"line":956,"column":8}},"247":{"start":{"line":958,"column":6},"end":{"line":960,"column":7}},"248":{"start":{"line":959,"column":8},"end":{"line":959,"column":71}},"249":{"start":{"line":962,"column":6},"end":{"line":966,"column":7}},"250":{"start":{"line":963,"column":8},"end":{"line":965,"column":11}},"251":{"start":{"line":968,"column":6},"end":{"line":976,"column":7}},"252":{"start":{"line":973,"column":8},"end":{"line":975,"column":11}},"253":{"start":{"line":979,"column":37},"end":{"line":997,"column":8}},"254":{"start":{"line":999,"column":6},"end":{"line":1003,"column":7}},"255":{"start":{"line":1000,"column":8},"end":{"line":1002,"column":65}},"256":{"start":{"line":1005,"column":31},"end":{"line":1005,"column":64}},"257":{"start":{"line":1006,"column":30},"end":{"line":1006,"column":60}},"258":{"start":{"line":1008,"column":6},"end":{"line":1012,"column":7}},"259":{"start":{"line":1009,"column":8},"end":{"line":1011,"column":11}},"260":{"start":{"line":1014,"column":29},"end":{"line":1014,"column":62}},"261":{"start":{"line":1016,"column":6},"end":{"line":1026,"column":7}},"262":{"start":{"line":1018,"column":29},"end":{"line":1021,"column":10}},"263":{"start":{"line":1022,"column":8},"end":{"line":1025,"column":11}},"264":{"start":{"line":1029,"column":40},"end":{"line":1029,"column":49}},"265":{"start":{"line":1031,"column":6},"end":{"line":1065,"column":7}},"266":{"start":{"line":1032,"column":35},"end":{"line":1032,"column":67}},"267":{"start":{"line":1033,"column":30},"end":{"line":1033,"column":51}},"268":{"start":{"line":1035,"column":33},"end":{"line":1035,"column":34}},"269":{"start":{"line":1036,"column":39},"end":{"line":1036,"column":40}},"270":{"start":{"line":1038,"column":8},"end":{"line":1050,"column":9}},"271":{"start":{"line":1039,"column":10},"end":{"line":1039,"column":68}},"272":{"start":{"line":1040,"column":10},"end":{"line":1041,"column":74}},"273":{"start":{"line":1043,"column":10},"end":{"line":1043,"column":77}},"274":{"start":{"line":1044,"column":46},"end":{"line":1047,"column":11}},"275":{"start":{"line":1048,"column":10},"end":{"line":1049,"column":74}},"276":{"start":{"line":1052,"column":8},"end":{"line":1060,"column":9}},"277":{"start":{"line":1053,"column":10},"end":{"line":1059,"column":13}},"278":{"start":{"line":1061,"column":26},"end":{"line":1061,"column":70}},"279":{"start":{"line":1062,"column":8},"end":{"line":1062,"column":79}},"280":{"start":{"line":1063,"column":8},"end":{"line":1064,"column":52}},"281":{"start":{"line":1068,"column":23},"end":{"line":1068,"column":25}},"282":{"start":{"line":1069,"column":6},"end":{"line":1106,"column":7}},"283":{"start":{"line":1072,"column":10},"end":{"line":1075,"column":12}},"284":{"start":{"line":1077,"column":8},"end":{"line":1081,"column":9}},"285":{"start":{"line":1078,"column":10},"end":{"line":1080,"column":12}},"286":{"start":{"line":1083,"column":8},"end":{"line":1105,"column":9}},"287":{"start":{"line":1086,"column":10},"end":{"line":1104,"column":11}},"288":{"start":{"line":1091,"column":12},"end":{"line":1103,"column":15}},"289":{"start":{"line":1108,"column":6},"end":{"line":1113,"column":7}},"290":{"start":{"line":1109,"column":8},"end":{"line":1112,"column":11}},"291":{"start":{"line":1115,"column":25},"end":{"line":1115,"column":27}},"292":{"start":{"line":1118,"column":6},"end":{"line":1127,"column":7}},"293":{"start":{"line":1119,"column":8},"end":{"line":1126,"column":10}},"294":{"start":{"line":1130,"column":6},"end":{"line":1153,"column":7}},"295":{"start":{"line":1131,"column":8},"end":{"line":1140,"column":10}},"296":{"start":{"line":1142,"column":8},"end":{"line":1152,"column":10}},"297":{"start":{"line":1157,"column":8},"end":{"line":1157,"column":56}},"298":{"start":{"line":1158,"column":6},"end":{"line":1163,"column":8}},"299":{"start":{"line":1166,"column":6},"end":{"line":1166,"column":44}},"300":{"start":{"line":1168,"column":31},"end":{"line":1171,"column":8}},"301":{"start":{"line":1173,"column":6},"end":{"line":1176,"column":9}},"302":{"start":{"line":1178,"column":6},"end":{"line":1181,"column":8}},"303":{"start":{"line":1182,"column":6},"end":{"line":1185,"column":9}},"304":{"start":{"line":1190,"column":40},"end":{"line":1190,"column":50}},"305":{"start":{"line":1192,"column":4},"end":{"line":1324,"column":5}},"306":{"start":{"line":1194,"column":30},"end":{"line":1197,"column":8}},"307":{"start":{"line":1199,"column":6},"end":{"line":1201,"column":7}},"308":{"start":{"line":1200,"column":8},"end":{"line":1200,"column":71}},"309":{"start":{"line":1203,"column":6},"end":{"line":1207,"column":7}},"310":{"start":{"line":1204,"column":8},"end":{"line":1206,"column":11}},"311":{"start":{"line":1210,"column":37},"end":{"line":1228,"column":8}},"312":{"start":{"line":1230,"column":6},"end":{"line":1234,"column":7}},"313":{"start":{"line":1231,"column":8},"end":{"line":1233,"column":65}},"314":{"start":{"line":1236,"column":33},"end":{"line":1236,"column":66}},"315":{"start":{"line":1237,"column":30},"end":{"line":1237,"column":60}},"316":{"start":{"line":1239,"column":6},"end":{"line":1243,"column":7}},"317":{"start":{"line":1240,"column":8},"end":{"line":1242,"column":11}},"318":{"start":{"line":1245,"column":25},"end":{"line":1245,"column":27}},"319":{"start":{"line":1248,"column":6},"end":{"line":1281,"column":7}},"320":{"start":{"line":1249,"column":35},"end":{"line":1249,"column":67}},"321":{"start":{"line":1250,"column":30},"end":{"line":1250,"column":51}},"322":{"start":{"line":1252,"column":35},"end":{"line":1252,"column":36}},"323":{"start":{"line":1255,"column":8},"end":{"line":1269,"column":9}},"324":{"start":{"line":1256,"column":10},"end":{"line":1257,"column":72}},"325":{"start":{"line":1260,"column":12},"end":{"line":1260,"column":51}},"326":{"start":{"line":1261,"column":46},"end":{"line":1264,"column":11}},"327":{"start":{"line":1266,"column":10},"end":{"line":1268,"column":47}},"328":{"start":{"line":1271,"column":8},"end":{"line":1280,"column":10}},"329":{"start":{"line":1284,"column":6},"end":{"line":1293,"column":8}},"330":{"start":{"line":1297,"column":8},"end":{"line":1297,"column":60}},"331":{"start":{"line":1298,"column":6},"end":{"line":1303,"column":8}},"332":{"start":{"line":1306,"column":6},"end":{"line":1306,"column":44}},"333":{"start":{"line":1309,"column":31},"end":{"line":1312,"column":8}},"334":{"start":{"line":1314,"column":6},"end":{"line":1317,"column":9}},"335":{"start":{"line":1319,"column":6},"end":{"line":1319,"column":65}},"336":{"start":{"line":1320,"column":6},"end":{"line":1323,"column":9}},"337":{"start":{"line":1328,"column":19},"end":{"line":1328,"column":29}},"338":{"start":{"line":1330,"column":4},"end":{"line":1419,"column":5}},"339":{"start":{"line":1331,"column":30},"end":{"line":1348,"column":8}},"340":{"start":{"line":1350,"column":6},"end":{"line":1352,"column":7}},"341":{"start":{"line":1351,"column":8},"end":{"line":1351,"column":71}},"342":{"start":{"line":1354,"column":25},"end":{"line":1354,"column":27}},"343":{"start":{"line":1357,"column":6},"end":{"line":1393,"column":7}},"344":{"start":{"line":1358,"column":24},"end":{"line":1358,"column":45}},"345":{"start":{"line":1359,"column":35},"end":{"line":1359,"column":59}},"346":{"start":{"line":1361,"column":8},"end":{"line":1392,"column":9}},"347":{"start":{"line":1362,"column":37},"end":{"line":1362,"column":60}},"348":{"start":{"line":1363,"column":32},"end":{"line":1363,"column":53}},"349":{"start":{"line":1365,"column":37},"end":{"line":1365,"column":38}},"350":{"start":{"line":1367,"column":10},"end":{"line":1380,"column":11}},"351":{"start":{"line":1368,"column":12},"end":{"line":1369,"column":65}},"352":{"start":{"line":1371,"column":43},"end":{"line":1371,"column":73}},"353":{"start":{"line":1372,"column":48},"end":{"line":1375,"column":13}},"354":{"start":{"line":1377,"column":12},"end":{"line":1379,"column":49}},"355":{"start":{"line":1382,"column":10},"end":{"line":1391,"column":12}},"356":{"start":{"line":1396,"column":6},"end":{"line":1400,"column":8}},"357":{"start":{"line":1403,"column":6},"end":{"line":1407,"column":8}},"358":{"start":{"line":1410,"column":6},"end":{"line":1410,"column":44}},"359":{"start":{"line":1412,"column":6},"end":{"line":1412,"column":29}},"360":{"start":{"line":1414,"column":6},"end":{"line":1414,"column":56}},"361":{"start":{"line":1415,"column":6},"end":{"line":1418,"column":9}},"362":{"start":{"line":1423,"column":0},"end":{"line":1423,"column":33}}},"fnMap":{"0":{"name":"(anonymous_0)","decl":{"start":{"line":7,"column":2},"end":{"line":7,"column":3}},"loc":{"start":{"line":7,"column":37},"end":{"line":249,"column":3}},"line":7},"1":{"name":"(anonymous_1)","decl":{"start":{"line":251,"column":2},"end":{"line":251,"column":3}},"loc":{"start":{"line":251,"column":35},"end":{"line":299,"column":3}},"line":251},"2":{"name":"(anonymous_2)","decl":{"start":{"line":301,"column":2},"end":{"line":301,"column":3}},"loc":{"start":{"line":301,"column":38},"end":{"line":327,"column":3}},"line":301},"3":{"name":"(anonymous_3)","decl":{"start":{"line":329,"column":2},"end":{"line":329,"column":3}},"loc":{"start":{"line":329,"column":37},"end":{"line":606,"column":3}},"line":329},"4":{"name":"(anonymous_4)","decl":{"start":{"line":608,"column":2},"end":{"line":608,"column":3}},"loc":{"start":{"line":608,"column":43},"end":{"line":744,"column":3}},"line":608},"5":{"name":"(anonymous_5)","decl":{"start":{"line":746,"column":2},"end":{"line":746,"column":3}},"loc":{"start":{"line":746,"column":42},"end":{"line":945,"column":3}},"line":746},"6":{"name":"(anonymous_6)","decl":{"start":{"line":947,"column":2},"end":{"line":947,"column":3}},"loc":{"start":{"line":947,"column":53},"end":{"line":1187,"column":3}},"line":947},"7":{"name":"(anonymous_7)","decl":{"start":{"line":1189,"column":2},"end":{"line":1189,"column":3}},"loc":{"start":{"line":1189,"column":47},"end":{"line":1325,"column":3}},"line":1189},"8":{"name":"(anonymous_8)","decl":{"start":{"line":1327,"column":2},"end":{"line":1327,"column":3}},"loc":{"start":{"line":1327,"column":37},"end":{"line":1420,"column":3}},"line":1327}},"branchMap":{"0":{"loc":{"start":{"line":13,"column":6},"end":{"line":22,"column":7}},"type":"if","locations":[{"start":{"line":13,"column":6},"end":{"line":22,"column":7}},{"start":{},"end":{}}],"line":13},"1":{"loc":{"start":{"line":14,"column":8},"end":{"line":17,"column":29}},"type":"binary-expr","locations":[{"start":{"line":14,"column":8},"end":{"line":14,"column":20}},{"start":{"line":15,"column":8},"end":{"line":15,"column":17}},{"start":{"line":16,"column":8},"end":{"line":16,"column":32}},{"start":{"line":17,"column":8},"end":{"line":17,"column":29}}],"line":14},"2":{"loc":{"start":{"line":34,"column":8},"end":{"line":38,"column":9}},"type":"if","locations":[{"start":{"line":34,"column":8},"end":{"line":38,"column":9}},{"start":{},"end":{}}],"line":34},"3":{"loc":{"start":{"line":34,"column":12},"end":{"line":34,"column":42}},"type":"binary-expr","locations":[{"start":{"line":34,"column":12},"end":{"line":34,"column":22}},{"start":{"line":34,"column":26},"end":{"line":34,"column":30}},{"start":{"line":34,"column":34},"end":{"line":34,"column":42}}],"line":34},"4":{"loc":{"start":{"line":51,"column":8},"end":{"line":55,"column":9}},"type":"if","locations":[{"start":{"line":51,"column":8},"end":{"line":55,"column":9}},{"start":{},"end":{}}],"line":51},"5":{"loc":{"start":{"line":56,"column":8},"end":{"line":60,"column":9}},"type":"if","locations":[{"start":{"line":56,"column":8},"end":{"line":60,"column":9}},{"start":{},"end":{}}],"line":56},"6":{"loc":{"start":{"line":70,"column":12},"end":{"line":70,"column":48}},"type":"binary-expr","locations":[{"start":{"line":70,"column":12},"end":{"line":70,"column":43}},{"start":{"line":70,"column":47},"end":{"line":70,"column":48}}],"line":70},"7":{"loc":{"start":{"line":72,"column":12},"end":{"line":72,"column":51}},"type":"binary-expr","locations":[{"start":{"line":72,"column":12},"end":{"line":72,"column":46}},{"start":{"line":72,"column":50},"end":{"line":72,"column":51}}],"line":72},"8":{"loc":{"start":{"line":74,"column":10},"end":{"line":84,"column":11}},"type":"if","locations":[{"start":{"line":74,"column":10},"end":{"line":84,"column":11}},{"start":{},"end":{}}],"line":74},"9":{"loc":{"start":{"line":88,"column":10},"end":{"line":96,"column":11}},"type":"if","locations":[{"start":{"line":88,"column":10},"end":{"line":96,"column":11}},{"start":{"line":92,"column":17},"end":{"line":96,"column":11}}],"line":88},"10":{"loc":{"start":{"line":116,"column":8},"end":{"line":149,"column":9}},"type":"if","locations":[{"start":{"line":116,"column":8},"end":{"line":149,"column":9}},{"start":{"line":126,"column":15},"end":{"line":149,"column":9}}],"line":116},"11":{"loc":{"start":{"line":117,"column":10},"end":{"line":125,"column":11}},"type":"if","locations":[{"start":{"line":117,"column":10},"end":{"line":125,"column":11}},{"start":{},"end":{}}],"line":117},"12":{"loc":{"start":{"line":135,"column":13},"end":{"line":135,"column":45}},"type":"binary-expr","locations":[{"start":{"line":135,"column":13},"end":{"line":135,"column":40}},{"start":{"line":135,"column":44},"end":{"line":135,"column":45}}],"line":135},"13":{"loc":{"start":{"line":137,"column":10},"end":{"line":148,"column":11}},"type":"if","locations":[{"start":{"line":137,"column":10},"end":{"line":148,"column":11}},{"start":{},"end":{}}],"line":137},"14":{"loc":{"start":{"line":152,"column":6},"end":{"line":157,"column":7}},"type":"if","locations":[{"start":{"line":152,"column":6},"end":{"line":157,"column":7}},{"start":{},"end":{}}],"line":152},"15":{"loc":{"start":{"line":175,"column":8},"end":{"line":206,"column":9}},"type":"if","locations":[{"start":{"line":175,"column":8},"end":{"line":206,"column":9}},{"start":{"line":186,"column":15},"end":{"line":206,"column":9}}],"line":175},"16":{"loc":{"start":{"line":196,"column":13},"end":{"line":196,"column":45}},"type":"binary-expr","locations":[{"start":{"line":196,"column":13},"end":{"line":196,"column":40}},{"start":{"line":196,"column":44},"end":{"line":196,"column":45}}],"line":196},"17":{"loc":{"start":{"line":256,"column":6},"end":{"line":288,"column":7}},"type":"if","locations":[{"start":{"line":256,"column":6},"end":{"line":288,"column":7}},{"start":{"line":278,"column":13},"end":{"line":288,"column":7}}],"line":256},"18":{"loc":{"start":{"line":256,"column":10},"end":{"line":256,"column":50}},"type":"binary-expr","locations":[{"start":{"line":256,"column":10},"end":{"line":256,"column":21}},{"start":{"line":256,"column":25},"end":{"line":256,"column":50}}],"line":256},"19":{"loc":{"start":{"line":273,"column":8},"end":{"line":277,"column":9}},"type":"if","locations":[{"start":{"line":273,"column":8},"end":{"line":277,"column":9}},{"start":{},"end":{}}],"line":273},"20":{"loc":{"start":{"line":316,"column":6},"end":{"line":318,"column":7}},"type":"if","locations":[{"start":{"line":316,"column":6},"end":{"line":318,"column":7}},{"start":{},"end":{}}],"line":316},"21":{"loc":{"start":{"line":353,"column":6},"end":{"line":355,"column":7}},"type":"if","locations":[{"start":{"line":353,"column":6},"end":{"line":355,"column":7}},{"start":{},"end":{}}],"line":353},"22":{"loc":{"start":{"line":357,"column":6},"end":{"line":361,"column":7}},"type":"if","locations":[{"start":{"line":357,"column":6},"end":{"line":361,"column":7}},{"start":{},"end":{}}],"line":357},"23":{"loc":{"start":{"line":376,"column":10},"end":{"line":390,"column":11}},"type":"if","locations":[{"start":{"line":376,"column":10},"end":{"line":390,"column":11}},{"start":{"line":379,"column":17},"end":{"line":390,"column":11}}],"line":376},"24":{"loc":{"start":{"line":378,"column":15},"end":{"line":378,"column":49}},"type":"binary-expr","locations":[{"start":{"line":378,"column":15},"end":{"line":378,"column":44}},{"start":{"line":378,"column":48},"end":{"line":378,"column":49}}],"line":378},"25":{"loc":{"start":{"line":382,"column":15},"end":{"line":382,"column":52}},"type":"binary-expr","locations":[{"start":{"line":382,"column":15},"end":{"line":382,"column":47}},{"start":{"line":382,"column":51},"end":{"line":382,"column":52}}],"line":382},"26":{"loc":{"start":{"line":389,"column":43},"end":{"line":389,"column":75}},"type":"binary-expr","locations":[{"start":{"line":389,"column":43},"end":{"line":389,"column":70}},{"start":{"line":389,"column":74},"end":{"line":389,"column":75}}],"line":389},"27":{"loc":{"start":{"line":422,"column":8},"end":{"line":426,"column":9}},"type":"if","locations":[{"start":{"line":422,"column":8},"end":{"line":426,"column":9}},{"start":{},"end":{}}],"line":422},"28":{"loc":{"start":{"line":422,"column":12},"end":{"line":422,"column":56}},"type":"binary-expr","locations":[{"start":{"line":422,"column":12},"end":{"line":422,"column":22}},{"start":{"line":422,"column":26},"end":{"line":422,"column":37}},{"start":{"line":422,"column":41},"end":{"line":422,"column":56}}],"line":422},"29":{"loc":{"start":{"line":439,"column":8},"end":{"line":443,"column":9}},"type":"if","locations":[{"start":{"line":439,"column":8},"end":{"line":443,"column":9}},{"start":{},"end":{}}],"line":439},"30":{"loc":{"start":{"line":444,"column":8},"end":{"line":448,"column":9}},"type":"if","locations":[{"start":{"line":444,"column":8},"end":{"line":448,"column":9}},{"start":{},"end":{}}],"line":444},"31":{"loc":{"start":{"line":458,"column":10},"end":{"line":471,"column":11}},"type":"if","locations":[{"start":{"line":458,"column":10},"end":{"line":471,"column":11}},{"start":{"line":461,"column":17},"end":{"line":471,"column":11}}],"line":458},"32":{"loc":{"start":{"line":460,"column":15},"end":{"line":460,"column":51}},"type":"binary-expr","locations":[{"start":{"line":460,"column":15},"end":{"line":460,"column":46}},{"start":{"line":460,"column":50},"end":{"line":460,"column":51}}],"line":460},"33":{"loc":{"start":{"line":463,"column":15},"end":{"line":463,"column":54}},"type":"binary-expr","locations":[{"start":{"line":463,"column":15},"end":{"line":463,"column":49}},{"start":{"line":463,"column":53},"end":{"line":463,"column":54}}],"line":463},"34":{"loc":{"start":{"line":470,"column":15},"end":{"line":470,"column":47}},"type":"binary-expr","locations":[{"start":{"line":470,"column":15},"end":{"line":470,"column":42}},{"start":{"line":470,"column":46},"end":{"line":470,"column":47}}],"line":470},"35":{"loc":{"start":{"line":473,"column":10},"end":{"line":481,"column":11}},"type":"if","locations":[{"start":{"line":473,"column":10},"end":{"line":481,"column":11}},{"start":{},"end":{}}],"line":473},"36":{"loc":{"start":{"line":488,"column":12},"end":{"line":491,"column":70}},"type":"cond-expr","locations":[{"start":{"line":489,"column":16},"end":{"line":490,"column":56}},{"start":{"line":491,"column":16},"end":{"line":491,"column":70}}],"line":488},"37":{"loc":{"start":{"line":490,"column":17},"end":{"line":490,"column":55}},"type":"binary-expr","locations":[{"start":{"line":490,"column":17},"end":{"line":490,"column":50}},{"start":{"line":490,"column":54},"end":{"line":490,"column":55}}],"line":490},"38":{"loc":{"start":{"line":491,"column":17},"end":{"line":491,"column":56}},"type":"binary-expr","locations":[{"start":{"line":491,"column":17},"end":{"line":491,"column":51}},{"start":{"line":491,"column":55},"end":{"line":491,"column":56}}],"line":491},"39":{"loc":{"start":{"line":518,"column":8},"end":{"line":522,"column":9}},"type":"if","locations":[{"start":{"line":518,"column":8},"end":{"line":522,"column":9}},{"start":{},"end":{}}],"line":518},"40":{"loc":{"start":{"line":532,"column":8},"end":{"line":567,"column":9}},"type":"if","locations":[{"start":{"line":532,"column":8},"end":{"line":567,"column":9}},{"start":{"line":555,"column":15},"end":{"line":567,"column":9}}],"line":532},"41":{"loc":{"start":{"line":541,"column":14},"end":{"line":543,"column":54}},"type":"cond-expr","locations":[{"start":{"line":542,"column":18},"end":{"line":542,"column":48}},{"start":{"line":543,"column":18},"end":{"line":543,"column":54}}],"line":541},"42":{"loc":{"start":{"line":545,"column":14},"end":{"line":547,"column":59}},"type":"cond-expr","locations":[{"start":{"line":546,"column":18},"end":{"line":546,"column":57}},{"start":{"line":547,"column":18},"end":{"line":547,"column":59}}],"line":545},"43":{"loc":{"start":{"line":549,"column":14},"end":{"line":553,"column":59}},"type":"cond-expr","locations":[{"start":{"line":550,"column":18},"end":{"line":551,"column":57}},{"start":{"line":552,"column":18},"end":{"line":553,"column":59}}],"line":549},"44":{"loc":{"start":{"line":570,"column":6},"end":{"line":576,"column":7}},"type":"if","locations":[{"start":{"line":570,"column":6},"end":{"line":576,"column":7}},{"start":{},"end":{}}],"line":570},"45":{"loc":{"start":{"line":583,"column":25},"end":{"line":585,"column":43}},"type":"cond-expr","locations":[{"start":{"line":584,"column":16},"end":{"line":584,"column":41}},{"start":{"line":585,"column":16},"end":{"line":585,"column":43}}],"line":583},"46":{"loc":{"start":{"line":620,"column":6},"end":{"line":622,"column":7}},"type":"if","locations":[{"start":{"line":620,"column":6},"end":{"line":622,"column":7}},{"start":{},"end":{}}],"line":620},"47":{"loc":{"start":{"line":625,"column":6},"end":{"line":629,"column":7}},"type":"if","locations":[{"start":{"line":625,"column":6},"end":{"line":629,"column":7}},{"start":{},"end":{}}],"line":625},"48":{"loc":{"start":{"line":631,"column":6},"end":{"line":635,"column":7}},"type":"if","locations":[{"start":{"line":631,"column":6},"end":{"line":635,"column":7}},{"start":{},"end":{}}],"line":631},"49":{"loc":{"start":{"line":637,"column":6},"end":{"line":644,"column":7}},"type":"if","locations":[{"start":{"line":637,"column":6},"end":{"line":644,"column":7}},{"start":{},"end":{}}],"line":637},"50":{"loc":{"start":{"line":638,"column":8},"end":{"line":639,"column":45}},"type":"binary-expr","locations":[{"start":{"line":638,"column":8},"end":{"line":638,"column":38}},{"start":{"line":639,"column":8},"end":{"line":639,"column":45}}],"line":638},"51":{"loc":{"start":{"line":646,"column":6},"end":{"line":648,"column":7}},"type":"if","locations":[{"start":{"line":646,"column":6},"end":{"line":648,"column":7}},{"start":{},"end":{}}],"line":646},"52":{"loc":{"start":{"line":654,"column":6},"end":{"line":719,"column":7}},"type":"if","locations":[{"start":{"line":654,"column":6},"end":{"line":719,"column":7}},{"start":{},"end":{}}],"line":654},"53":{"loc":{"start":{"line":674,"column":8},"end":{"line":677,"column":9}},"type":"if","locations":[{"start":{"line":674,"column":8},"end":{"line":677,"column":9}},{"start":{},"end":{}}],"line":674},"54":{"loc":{"start":{"line":688,"column":12},"end":{"line":707,"column":13}},"type":"if","locations":[{"start":{"line":688,"column":12},"end":{"line":707,"column":13}},{"start":{"line":691,"column":19},"end":{"line":707,"column":13}}],"line":688},"55":{"loc":{"start":{"line":690,"column":17},"end":{"line":690,"column":47}},"type":"binary-expr","locations":[{"start":{"line":690,"column":17},"end":{"line":690,"column":42}},{"start":{"line":690,"column":46},"end":{"line":690,"column":47}}],"line":690},"56":{"loc":{"start":{"line":693,"column":17},"end":{"line":693,"column":50}},"type":"binary-expr","locations":[{"start":{"line":693,"column":17},"end":{"line":693,"column":45}},{"start":{"line":693,"column":49},"end":{"line":693,"column":50}}],"line":693},"57":{"loc":{"start":{"line":700,"column":14},"end":{"line":704,"column":15}},"type":"if","locations":[{"start":{"line":700,"column":14},"end":{"line":704,"column":15}},{"start":{},"end":{}}],"line":700},"58":{"loc":{"start":{"line":737,"column":6},"end":{"line":739,"column":7}},"type":"if","locations":[{"start":{"line":737,"column":6},"end":{"line":739,"column":7}},{"start":{},"end":{}}],"line":737},"59":{"loc":{"start":{"line":751,"column":6},"end":{"line":755,"column":7}},"type":"if","locations":[{"start":{"line":751,"column":6},"end":{"line":755,"column":7}},{"start":{},"end":{}}],"line":751},"60":{"loc":{"start":{"line":751,"column":10},"end":{"line":751,"column":54}},"type":"binary-expr","locations":[{"start":{"line":751,"column":10},"end":{"line":751,"column":20}},{"start":{"line":751,"column":24},"end":{"line":751,"column":35}},{"start":{"line":751,"column":39},"end":{"line":751,"column":54}}],"line":751},"61":{"loc":{"start":{"line":761,"column":6},"end":{"line":763,"column":7}},"type":"if","locations":[{"start":{"line":761,"column":6},"end":{"line":763,"column":7}},{"start":{},"end":{}}],"line":761},"62":{"loc":{"start":{"line":765,"column":6},"end":{"line":769,"column":7}},"type":"if","locations":[{"start":{"line":765,"column":6},"end":{"line":769,"column":7}},{"start":{},"end":{}}],"line":765},"63":{"loc":{"start":{"line":782,"column":6},"end":{"line":786,"column":7}},"type":"if","locations":[{"start":{"line":782,"column":6},"end":{"line":786,"column":7}},{"start":{},"end":{}}],"line":782},"64":{"loc":{"start":{"line":787,"column":6},"end":{"line":791,"column":7}},"type":"if","locations":[{"start":{"line":787,"column":6},"end":{"line":791,"column":7}},{"start":{},"end":{}}],"line":787},"65":{"loc":{"start":{"line":802,"column":8},"end":{"line":817,"column":9}},"type":"if","locations":[{"start":{"line":802,"column":8},"end":{"line":817,"column":9}},{"start":{"line":808,"column":15},"end":{"line":817,"column":9}}],"line":802},"66":{"loc":{"start":{"line":804,"column":13},"end":{"line":804,"column":49}},"type":"binary-expr","locations":[{"start":{"line":804,"column":13},"end":{"line":804,"column":44}},{"start":{"line":804,"column":48},"end":{"line":804,"column":49}}],"line":804},"67":{"loc":{"start":{"line":807,"column":13},"end":{"line":807,"column":51}},"type":"binary-expr","locations":[{"start":{"line":807,"column":13},"end":{"line":807,"column":46}},{"start":{"line":807,"column":50},"end":{"line":807,"column":51}}],"line":807},"68":{"loc":{"start":{"line":810,"column":13},"end":{"line":810,"column":52}},"type":"binary-expr","locations":[{"start":{"line":810,"column":13},"end":{"line":810,"column":47}},{"start":{"line":810,"column":51},"end":{"line":810,"column":52}}],"line":810},"69":{"loc":{"start":{"line":816,"column":40},"end":{"line":816,"column":66}},"type":"binary-expr","locations":[{"start":{"line":816,"column":40},"end":{"line":816,"column":61}},{"start":{"line":816,"column":65},"end":{"line":816,"column":66}}],"line":816},"70":{"loc":{"start":{"line":819,"column":8},"end":{"line":826,"column":9}},"type":"if","locations":[{"start":{"line":819,"column":8},"end":{"line":826,"column":9}},{"start":{},"end":{}}],"line":819},"71":{"loc":{"start":{"line":841,"column":8},"end":{"line":846,"column":9}},"type":"if","locations":[{"start":{"line":841,"column":8},"end":{"line":846,"column":9}},{"start":{},"end":{}}],"line":841},"72":{"loc":{"start":{"line":848,"column":8},"end":{"line":863,"column":9}},"type":"if","locations":[{"start":{"line":848,"column":8},"end":{"line":863,"column":9}},{"start":{},"end":{}}],"line":848},"73":{"loc":{"start":{"line":866,"column":6},"end":{"line":871,"column":7}},"type":"if","locations":[{"start":{"line":866,"column":6},"end":{"line":871,"column":7}},{"start":{},"end":{}}],"line":866},"74":{"loc":{"start":{"line":897,"column":6},"end":{"line":916,"column":7}},"type":"if","locations":[{"start":{"line":897,"column":6},"end":{"line":916,"column":7}},{"start":{"line":906,"column":13},"end":{"line":916,"column":7}}],"line":897},"75":{"loc":{"start":{"line":958,"column":6},"end":{"line":960,"column":7}},"type":"if","locations":[{"start":{"line":958,"column":6},"end":{"line":960,"column":7}},{"start":{},"end":{}}],"line":958},"76":{"loc":{"start":{"line":962,"column":6},"end":{"line":966,"column":7}},"type":"if","locations":[{"start":{"line":962,"column":6},"end":{"line":966,"column":7}},{"start":{},"end":{}}],"line":962},"77":{"loc":{"start":{"line":968,"column":6},"end":{"line":976,"column":7}},"type":"if","locations":[{"start":{"line":968,"column":6},"end":{"line":976,"column":7}},{"start":{},"end":{}}],"line":968},"78":{"loc":{"start":{"line":969,"column":8},"end":{"line":971,"column":26}},"type":"binary-expr","locations":[{"start":{"line":969,"column":8},"end":{"line":969,"column":36}},{"start":{"line":970,"column":8},"end":{"line":970,"column":31}},{"start":{"line":971,"column":8},"end":{"line":971,"column":26}}],"line":969},"79":{"loc":{"start":{"line":999,"column":6},"end":{"line":1003,"column":7}},"type":"if","locations":[{"start":{"line":999,"column":6},"end":{"line":1003,"column":7}},{"start":{},"end":{}}],"line":999},"80":{"loc":{"start":{"line":1008,"column":6},"end":{"line":1012,"column":7}},"type":"if","locations":[{"start":{"line":1008,"column":6},"end":{"line":1012,"column":7}},{"start":{},"end":{}}],"line":1008},"81":{"loc":{"start":{"line":1016,"column":6},"end":{"line":1026,"column":7}},"type":"if","locations":[{"start":{"line":1016,"column":6},"end":{"line":1026,"column":7}},{"start":{},"end":{}}],"line":1016},"82":{"loc":{"start":{"line":1038,"column":8},"end":{"line":1050,"column":9}},"type":"if","locations":[{"start":{"line":1038,"column":8},"end":{"line":1050,"column":9}},{"start":{"line":1042,"column":15},"end":{"line":1050,"column":9}}],"line":1038},"83":{"loc":{"start":{"line":1039,"column":31},"end":{"line":1039,"column":67}},"type":"binary-expr","locations":[{"start":{"line":1039,"column":31},"end":{"line":1039,"column":62}},{"start":{"line":1039,"column":66},"end":{"line":1039,"column":67}}],"line":1039},"84":{"loc":{"start":{"line":1041,"column":34},"end":{"line":1041,"column":72}},"type":"binary-expr","locations":[{"start":{"line":1041,"column":34},"end":{"line":1041,"column":67}},{"start":{"line":1041,"column":71},"end":{"line":1041,"column":72}}],"line":1041},"85":{"loc":{"start":{"line":1043,"column":37},"end":{"line":1043,"column":76}},"type":"binary-expr","locations":[{"start":{"line":1043,"column":37},"end":{"line":1043,"column":71}},{"start":{"line":1043,"column":75},"end":{"line":1043,"column":76}}],"line":1043},"86":{"loc":{"start":{"line":1049,"column":40},"end":{"line":1049,"column":72}},"type":"binary-expr","locations":[{"start":{"line":1049,"column":40},"end":{"line":1049,"column":67}},{"start":{"line":1049,"column":71},"end":{"line":1049,"column":72}}],"line":1049},"87":{"loc":{"start":{"line":1052,"column":8},"end":{"line":1060,"column":9}},"type":"if","locations":[{"start":{"line":1052,"column":8},"end":{"line":1060,"column":9}},{"start":{},"end":{}}],"line":1052},"88":{"loc":{"start":{"line":1077,"column":8},"end":{"line":1081,"column":9}},"type":"if","locations":[{"start":{"line":1077,"column":8},"end":{"line":1081,"column":9}},{"start":{},"end":{}}],"line":1077},"89":{"loc":{"start":{"line":1083,"column":8},"end":{"line":1105,"column":9}},"type":"if","locations":[{"start":{"line":1083,"column":8},"end":{"line":1105,"column":9}},{"start":{},"end":{}}],"line":1083},"90":{"loc":{"start":{"line":1086,"column":10},"end":{"line":1104,"column":11}},"type":"if","locations":[{"start":{"line":1086,"column":10},"end":{"line":1104,"column":11}},{"start":{},"end":{}}],"line":1086},"91":{"loc":{"start":{"line":1108,"column":6},"end":{"line":1113,"column":7}},"type":"if","locations":[{"start":{"line":1108,"column":6},"end":{"line":1113,"column":7}},{"start":{},"end":{}}],"line":1108},"92":{"loc":{"start":{"line":1130,"column":6},"end":{"line":1153,"column":7}},"type":"if","locations":[{"start":{"line":1130,"column":6},"end":{"line":1153,"column":7}},{"start":{"line":1141,"column":13},"end":{"line":1153,"column":7}}],"line":1130},"93":{"loc":{"start":{"line":1199,"column":6},"end":{"line":1201,"column":7}},"type":"if","locations":[{"start":{"line":1199,"column":6},"end":{"line":1201,"column":7}},{"start":{},"end":{}}],"line":1199},"94":{"loc":{"start":{"line":1203,"column":6},"end":{"line":1207,"column":7}},"type":"if","locations":[{"start":{"line":1203,"column":6},"end":{"line":1207,"column":7}},{"start":{},"end":{}}],"line":1203},"95":{"loc":{"start":{"line":1230,"column":6},"end":{"line":1234,"column":7}},"type":"if","locations":[{"start":{"line":1230,"column":6},"end":{"line":1234,"column":7}},{"start":{},"end":{}}],"line":1230},"96":{"loc":{"start":{"line":1239,"column":6},"end":{"line":1243,"column":7}},"type":"if","locations":[{"start":{"line":1239,"column":6},"end":{"line":1243,"column":7}},{"start":{},"end":{}}],"line":1239},"97":{"loc":{"start":{"line":1255,"column":8},"end":{"line":1269,"column":9}},"type":"if","locations":[{"start":{"line":1255,"column":8},"end":{"line":1269,"column":9}},{"start":{"line":1258,"column":15},"end":{"line":1269,"column":9}}],"line":1255},"98":{"loc":{"start":{"line":1257,"column":13},"end":{"line":1257,"column":49}},"type":"binary-expr","locations":[{"start":{"line":1257,"column":13},"end":{"line":1257,"column":44}},{"start":{"line":1257,"column":48},"end":{"line":1257,"column":49}}],"line":1257},"99":{"loc":{"start":{"line":1260,"column":12},"end":{"line":1260,"column":51}},"type":"binary-expr","locations":[{"start":{"line":1260,"column":12},"end":{"line":1260,"column":46}},{"start":{"line":1260,"column":50},"end":{"line":1260,"column":51}}],"line":1260},"100":{"loc":{"start":{"line":1268,"column":13},"end":{"line":1268,"column":45}},"type":"binary-expr","locations":[{"start":{"line":1268,"column":13},"end":{"line":1268,"column":40}},{"start":{"line":1268,"column":44},"end":{"line":1268,"column":45}}],"line":1268},"101":{"loc":{"start":{"line":1350,"column":6},"end":{"line":1352,"column":7}},"type":"if","locations":[{"start":{"line":1350,"column":6},"end":{"line":1352,"column":7}},{"start":{},"end":{}}],"line":1350},"102":{"loc":{"start":{"line":1367,"column":10},"end":{"line":1380,"column":11}},"type":"if","locations":[{"start":{"line":1367,"column":10},"end":{"line":1380,"column":11}},{"start":{"line":1370,"column":17},"end":{"line":1380,"column":11}}],"line":1367},"103":{"loc":{"start":{"line":1369,"column":15},"end":{"line":1369,"column":42}},"type":"binary-expr","locations":[{"start":{"line":1369,"column":15},"end":{"line":1369,"column":37}},{"start":{"line":1369,"column":41},"end":{"line":1369,"column":42}}],"line":1369},"104":{"loc":{"start":{"line":1371,"column":43},"end":{"line":1371,"column":73}},"type":"binary-expr","locations":[{"start":{"line":1371,"column":43},"end":{"line":1371,"column":68}},{"start":{"line":1371,"column":72},"end":{"line":1371,"column":73}}],"line":1371},"105":{"loc":{"start":{"line":1379,"column":15},"end":{"line":1379,"column":47}},"type":"binary-expr","locations":[{"start":{"line":1379,"column":15},"end":{"line":1379,"column":42}},{"start":{"line":1379,"column":46},"end":{"line":1379,"column":47}}],"line":1379}},"s":{"0":6,"1":6,"2":6,"3":6,"4":5,"5":5,"6":5,"7":5,"8":2,"9":3,"10":3,"11":3,"12":3,"13":3,"14":3,"15":3,"16":0,"17":3,"18":3,"19":1,"20":2,"21":0,"22":2,"23":2,"24":2,"25":2,"26":2,"27":2,"28":2,"29":2,"30":2,"31":2,"32":2,"33":0,"34":2,"35":2,"36":2,"37":2,"38":2,"39":0,"40":0,"41":2,"42":2,"43":2,"44":1,"45":2,"46":1,"47":1,"48":1,"49":1,"50":1,"51":1,"52":0,"53":1,"54":1,"55":1,"56":1,"57":1,"58":1,"59":1,"60":1,"61":0,"62":0,"63":4,"64":4,"65":4,"66":2,"67":2,"68":2,"69":1,"70":2,"71":3,"72":0,"73":0,"74":3,"75":3,"76":3,"77":3,"78":2,"79":1,"80":0,"81":0,"82":5,"83":5,"84":5,"85":5,"86":5,"87":1,"88":4,"89":1,"90":3,"91":3,"92":3,"93":3,"94":3,"95":3,"96":3,"97":3,"98":3,"99":0,"100":3,"101":3,"102":3,"103":3,"104":3,"105":3,"106":3,"107":3,"108":3,"109":3,"110":1,"111":2,"112":2,"113":1,"114":1,"115":0,"116":1,"117":1,"118":1,"119":1,"120":1,"121":1,"122":0,"123":1,"124":1,"125":1,"126":1,"127":1,"128":1,"129":1,"130":1,"131":1,"132":1,"133":1,"134":1,"135":1,"136":0,"137":1,"138":1,"139":0,"140":1,"141":1,"142":0,"143":1,"144":1,"145":1,"146":0,"147":0,"148":0,"149":0,"150":0,"151":0,"152":0,"153":0,"154":0,"155":0,"156":0,"157":0,"158":0,"159":0,"160":0,"161":0,"162":0,"163":0,"164":0,"165":0,"166":0,"167":0,"168":0,"169":0,"170":0,"171":0,"172":0,"173":0,"174":0,"175":0,"176":0,"177":0,"178":0,"179":0,"180":0,"181":0,"182":0,"183":0,"184":0,"185":0,"186":0,"187":0,"188":0,"189":0,"190":0,"191":0,"192":0,"193":0,"194":0,"195":0,"196":0,"197":0,"198":0,"199":0,"200":0,"201":0,"202":0,"203":0,"204":0,"205":0,"206":0,"207":0,"208":0,"209":0,"210":0,"211":0,"212":0,"213":0,"214":0,"215":0,"216":0,"217":0,"218":0,"219":0,"220":0,"221":0,"222":0,"223":0,"224":0,"225":0,"226":0,"227":0,"228":0,"229":0,"230":0,"231":0,"232":0,"233":0,"234":0,"235":0,"236":0,"237":0,"238":0,"239":0,"240":0,"241":0,"242":0,"243":0,"244":0,"245":0,"246":0,"247":0,"248":0,"249":0,"250":0,"251":0,"252":0,"253":0,"254":0,"255":0,"256":0,"257":0,"258":0,"259":0,"260":0,"261":0,"262":0,"263":0,"264":0,"265":0,"266":0,"267":0,"268":0,"269":0,"270":0,"271":0,"272":0,"273":0,"274":0,"275":0,"276":0,"277":0,"278":0,"279":0,"280":0,"281":0,"282":0,"283":0,"284":0,"285":0,"286":0,"287":0,"288":0,"289":0,"290":0,"291":0,"292":0,"293":0,"294":0,"295":0,"296":0,"297":0,"298":0,"299":0,"300":0,"301":0,"302":0,"303":0,"304":5,"305":5,"306":5,"307":5,"308":1,"309":4,"310":1,"311":3,"312":3,"313":1,"314":2,"315":2,"316":2,"317":0,"318":2,"319":2,"320":2,"321":2,"322":2,"323":2,"324":0,"325":2,"326":2,"327":2,"328":2,"329":2,"330":2,"331":2,"332":2,"333":2,"334":2,"335":0,"336":0,"337":3,"338":3,"339":3,"340":3,"341":1,"342":2,"343":2,"344":2,"345":2,"346":2,"347":2,"348":2,"349":2,"350":2,"351":0,"352":2,"353":2,"354":2,"355":2,"356":2,"357":2,"358":2,"359":2,"360":0,"361":0,"362":6},"f":{"0":5,"1":4,"2":3,"3":5,"4":0,"5":0,"6":0,"7":5,"8":3},"b":{"0":[2,3],"1":[5,4,4,4],"2":[0,3],"3":[3,3,3],"4":[1,2],"5":[0,2],"6":[2,2],"7":[2,0],"8":[2,0],"9":[0,2],"10":[0,2],"11":[0,0],"12":[2,0],"13":[1,1],"14":[1,1],"15":[0,1],"16":[1,0],"17":[2,2],"18":[4,2],"19":[1,1],"20":[2,1],"21":[1,4],"22":[1,3],"23":[0,3],"24":[0,0],"25":[3,0],"26":[3,0],"27":[1,2],"28":[3,3,2],"29":[1,1],"30":[0,1],"31":[0,1],"32":[0,0],"33":[1,0],"34":[1,0],"35":[1,0],"36":[0,1],"37":[0,0],"38":[1,0],"39":[0,1],"40":[0,1],"41":[0,0],"42":[0,0],"43":[0,0],"44":[0,1],"45":[1,0],"46":[0,0],"47":[0,0],"48":[0,0],"49":[0,0],"50":[0,0],"51":[0,0],"52":[0,0],"53":[0,0],"54":[0,0],"55":[0,0],"56":[0,0],"57":[0,0],"58":[0,0],"59":[0,0],"60":[0,0,0],"61":[0,0],"62":[0,0],"63":[0,0],"64":[0,0],"65":[0,0],"66":[0,0],"67":[0,0],"68":[0,0],"69":[0,0],"70":[0,0],"71":[0,0],"72":[0,0],"73":[0,0],"74":[0,0],"75":[0,0],"76":[0,0],"77":[0,0],"78":[0,0,0],"79":[0,0],"80":[0,0],"81":[0,0],"82":[0,0],"83":[0,0],"84":[0,0],"85":[0,0],"86":[0,0],"87":[0,0],"88":[0,0],"89":[0,0],"90":[0,0],"91":[0,0],"92":[0,0],"93":[1,4],"94":[1,3],"95":[1,2],"96":[0,2],"97":[0,2],"98":[0,0],"99":[2,0],"100":[2,0],"101":[1,2],"102":[0,2],"103":[0,0],"104":[2,0],"105":[2,0]},"_coverageSchema":"1a1c01bbd47fc00a2c39e90264f33305004495a9","hash":"70147b1e620b65ff7a65b0bf8cd3c6407ca7f749"}
,"C:\\Users\\Micro\\Desktop\\SEC\\BACKEND\\API_CONFEITARIA\\controllers\\RevenuesController.js": {"path":"C:\\Users\\Micro\\Desktop\\SEC\\BACKEND\\API_CONFEITARIA\\controllers\\RevenuesController.js","statementMap":{"0":{"start":{"line":1,"column":40},"end":{"line":1,"column":65}},"1":{"start":{"line":2,"column":15},"end":{"line":2,"column":33}},"2":{"start":{"line":4,"column":23},"end":{"line":4,"column":38}},"3":{"start":{"line":6,"column":31},"end":{"line":6,"column":69}},"4":{"start":{"line":10,"column":62},"end":{"line":10,"column":70}},"5":{"start":{"line":12,"column":4},"end":{"line":257,"column":5}},"6":{"start":{"line":13,"column":6},"end":{"line":17,"column":7}},"7":{"start":{"line":14,"column":8},"end":{"line":16,"column":80}},"8":{"start":{"line":19,"column":28},"end":{"line":19,"column":46}},"9":{"start":{"line":21,"column":31},"end":{"line":25,"column":8}},"10":{"start":{"line":27,"column":6},"end":{"line":31,"column":7}},"11":{"start":{"line":28,"column":8},"end":{"line":30,"column":67}},"12":{"start":{"line":33,"column":28},"end":{"line":33,"column":29}},"13":{"start":{"line":34,"column":38},"end":{"line":34,"column":40}},"14":{"start":{"line":36,"column":6},"end":{"line":206,"column":7}},"15":{"start":{"line":38,"column":10},"end":{"line":38,"column":28}},"16":{"start":{"line":40,"column":8},"end":{"line":50,"column":9}},"17":{"start":{"line":46,"column":10},"end":{"line":49,"column":13}},"18":{"start":{"line":52,"column":8},"end":{"line":56,"column":9}},"19":{"start":{"line":53,"column":10},"end":{"line":55,"column":13}},"20":{"start":{"line":59,"column":10},"end":{"line":61,"column":12}},"21":{"start":{"line":63,"column":8},"end":{"line":67,"column":9}},"22":{"start":{"line":64,"column":10},"end":{"line":66,"column":13}},"23":{"start":{"line":69,"column":46},"end":{"line":69,"column":47}},"24":{"start":{"line":70,"column":32},"end":{"line":70,"column":64}},"25":{"start":{"line":72,"column":8},"end":{"line":80,"column":9}},"26":{"start":{"line":77,"column":10},"end":{"line":79,"column":13}},"27":{"start":{"line":82,"column":8},"end":{"line":120,"column":9}},"28":{"start":{"line":83,"column":10},"end":{"line":93,"column":11}},"29":{"start":{"line":84,"column":12},"end":{"line":88,"column":14}},"30":{"start":{"line":90,"column":12},"end":{"line":92,"column":15}},"31":{"start":{"line":95,"column":10},"end":{"line":102,"column":11}},"32":{"start":{"line":99,"column":12},"end":{"line":101,"column":15}},"33":{"start":{"line":105,"column":10},"end":{"line":115,"column":11}},"34":{"start":{"line":106,"column":12},"end":{"line":110,"column":14}},"35":{"start":{"line":112,"column":12},"end":{"line":114,"column":15}},"36":{"start":{"line":117,"column":10},"end":{"line":119,"column":46}},"37":{"start":{"line":122,"column":8},"end":{"line":129,"column":9}},"38":{"start":{"line":126,"column":10},"end":{"line":128,"column":13}},"39":{"start":{"line":130,"column":8},"end":{"line":137,"column":9}},"40":{"start":{"line":134,"column":10},"end":{"line":136,"column":13}},"41":{"start":{"line":140,"column":10},"end":{"line":140,"column":69}},"42":{"start":{"line":142,"column":10},"end":{"line":142,"column":66}},"43":{"start":{"line":144,"column":8},"end":{"line":151,"column":9}},"44":{"start":{"line":145,"column":10},"end":{"line":147,"column":12}},"45":{"start":{"line":148,"column":10},"end":{"line":150,"column":13}},"46":{"start":{"line":153,"column":8},"end":{"line":153,"column":48}},"47":{"start":{"line":155,"column":31},"end":{"line":155,"column":35}},"48":{"start":{"line":156,"column":34},"end":{"line":156,"column":38}},"49":{"start":{"line":158,"column":8},"end":{"line":199,"column":9}},"50":{"start":{"line":159,"column":10},"end":{"line":159,"column":45}},"51":{"start":{"line":160,"column":15},"end":{"line":199,"column":9}},"52":{"start":{"line":165,"column":10},"end":{"line":169,"column":12}},"53":{"start":{"line":170,"column":15},"end":{"line":199,"column":9}},"54":{"start":{"line":173,"column":10},"end":{"line":177,"column":12}},"55":{"start":{"line":179,"column":10},"end":{"line":181,"column":12}},"56":{"start":{"line":182,"column":10},"end":{"line":198,"column":11}},"57":{"start":{"line":183,"column":12},"end":{"line":197,"column":13}},"58":{"start":{"line":184,"column":14},"end":{"line":188,"column":16}},"59":{"start":{"line":189,"column":19},"end":{"line":197,"column":13}},"60":{"start":{"line":190,"column":14},"end":{"line":194,"column":16}},"61":{"start":{"line":196,"column":14},"end":{"line":196,"column":52}},"62":{"start":{"line":201,"column":8},"end":{"line":205,"column":11}},"63":{"start":{"line":208,"column":26},"end":{"line":226,"column":8}},"64":{"start":{"line":228,"column":6},"end":{"line":231,"column":9}},"65":{"start":{"line":233,"column":6},"end":{"line":233,"column":53}},"66":{"start":{"line":234,"column":23},"end":{"line":234,"column":26}},"67":{"start":{"line":235,"column":25},"end":{"line":235,"column":69}},"68":{"start":{"line":237,"column":6},"end":{"line":253,"column":7}},"69":{"start":{"line":238,"column":8},"end":{"line":238,"column":25}},"70":{"start":{"line":239,"column":8},"end":{"line":239,"column":37}},"71":{"start":{"line":240,"column":13},"end":{"line":253,"column":7}},"72":{"start":{"line":251,"column":8},"end":{"line":251,"column":25}},"73":{"start":{"line":252,"column":8},"end":{"line":252,"column":37}},"74":{"start":{"line":254,"column":6},"end":{"line":256,"column":64}},"75":{"start":{"line":261,"column":4},"end":{"line":306,"column":5}},"76":{"start":{"line":262,"column":23},"end":{"line":262,"column":32}},"77":{"start":{"line":264,"column":6},"end":{"line":288,"column":7}},"78":{"start":{"line":265,"column":30},"end":{"line":265,"column":48}},"79":{"start":{"line":266,"column":34},"end":{"line":279,"column":10}},"80":{"start":{"line":280,"column":8},"end":{"line":284,"column":9}},"81":{"start":{"line":281,"column":10},"end":{"line":283,"column":72}},"82":{"start":{"line":285,"column":8},"end":{"line":287,"column":79}},"83":{"start":{"line":289,"column":28},"end":{"line":297,"column":8}},"84":{"start":{"line":298,"column":6},"end":{"line":300,"column":69}},"85":{"start":{"line":302,"column":6},"end":{"line":302,"column":55}},"86":{"start":{"line":303,"column":6},"end":{"line":305,"column":72}},"87":{"start":{"line":310,"column":4},"end":{"line":334,"column":5}},"88":{"start":{"line":311,"column":21},"end":{"line":311,"column":31}},"89":{"start":{"line":313,"column":22},"end":{"line":322,"column":8}},"90":{"start":{"line":324,"column":6},"end":{"line":326,"column":7}},"91":{"start":{"line":325,"column":8},"end":{"line":325,"column":72}},"92":{"start":{"line":328,"column":6},"end":{"line":328,"column":75}},"93":{"start":{"line":330,"column":6},"end":{"line":330,"column":61}},"94":{"start":{"line":331,"column":6},"end":{"line":333,"column":73}},"95":{"start":{"line":339,"column":19},"end":{"line":339,"column":29}},"96":{"start":{"line":341,"column":4},"end":{"line":381,"column":5}},"97":{"start":{"line":342,"column":22},"end":{"line":352,"column":8}},"98":{"start":{"line":354,"column":6},"end":{"line":356,"column":7}},"99":{"start":{"line":355,"column":8},"end":{"line":355,"column":72}},"100":{"start":{"line":358,"column":6},"end":{"line":374,"column":7}},"101":{"start":{"line":360,"column":31},"end":{"line":362,"column":9}},"102":{"start":{"line":361,"column":56},"end":{"line":361,"column":67}},"103":{"start":{"line":363,"column":8},"end":{"line":367,"column":11}},"104":{"start":{"line":370,"column":8},"end":{"line":373,"column":11}},"105":{"start":{"line":376,"column":6},"end":{"line":376,"column":76}},"106":{"start":{"line":377,"column":6},"end":{"line":380,"column":9}},"107":{"start":{"line":385,"column":19},"end":{"line":385,"column":29}},"108":{"start":{"line":386,"column":48},"end":{"line":386,"column":56}},"109":{"start":{"line":388,"column":4},"end":{"line":599,"column":5}},"110":{"start":{"line":390,"column":31},"end":{"line":393,"column":8}},"111":{"start":{"line":395,"column":6},"end":{"line":397,"column":7}},"112":{"start":{"line":396,"column":8},"end":{"line":396,"column":72}},"113":{"start":{"line":400,"column":32},"end":{"line":563,"column":8}},"114":{"start":{"line":401,"column":36},"end":{"line":401,"column":38}},"115":{"start":{"line":402,"column":30},"end":{"line":402,"column":31}},"116":{"start":{"line":405,"column":8},"end":{"line":416,"column":9}},"117":{"start":{"line":406,"column":32},"end":{"line":406,"column":50}},"118":{"start":{"line":407,"column":10},"end":{"line":415,"column":11}},"119":{"start":{"line":408,"column":34},"end":{"line":410,"column":14}},"120":{"start":{"line":411,"column":12},"end":{"line":413,"column":13}},"121":{"start":{"line":412,"column":14},"end":{"line":412,"column":70}},"122":{"start":{"line":414,"column":12},"end":{"line":414,"column":53}},"123":{"start":{"line":418,"column":8},"end":{"line":420,"column":9}},"124":{"start":{"line":419,"column":10},"end":{"line":419,"column":54}},"125":{"start":{"line":422,"column":8},"end":{"line":424,"column":9}},"126":{"start":{"line":423,"column":10},"end":{"line":423,"column":76}},"127":{"start":{"line":427,"column":41},"end":{"line":432,"column":9}},"128":{"start":{"line":435,"column":8},"end":{"line":555,"column":9}},"129":{"start":{"line":437,"column":12},"end":{"line":437,"column":16}},"130":{"start":{"line":439,"column":10},"end":{"line":444,"column":11}},"131":{"start":{"line":440,"column":12},"end":{"line":442,"column":14}},"132":{"start":{"line":443,"column":12},"end":{"line":443,"column":21}},"133":{"start":{"line":446,"column":48},"end":{"line":446,"column":49}},"134":{"start":{"line":447,"column":34},"end":{"line":447,"column":59}},"135":{"start":{"line":453,"column":10},"end":{"line":478,"column":11}},"136":{"start":{"line":454,"column":12},"end":{"line":454,"column":49}},"137":{"start":{"line":455,"column":12},"end":{"line":455,"column":52}},"138":{"start":{"line":456,"column":17},"end":{"line":478,"column":11}},"139":{"start":{"line":457,"column":12},"end":{"line":457,"column":52}},"140":{"start":{"line":459,"column":12},"end":{"line":473,"column":13}},"141":{"start":{"line":464,"column":14},"end":{"line":464,"column":53}},"142":{"start":{"line":465,"column":19},"end":{"line":473,"column":13}},"143":{"start":{"line":468,"column":14},"end":{"line":468,"column":54}},"144":{"start":{"line":470,"column":14},"end":{"line":472,"column":16}},"145":{"start":{"line":475,"column":12},"end":{"line":477,"column":14}},"146":{"start":{"line":480,"column":10},"end":{"line":488,"column":11}},"147":{"start":{"line":485,"column":12},"end":{"line":487,"column":14}},"148":{"start":{"line":490,"column":10},"end":{"line":527,"column":11}},"149":{"start":{"line":491,"column":12},"end":{"line":501,"column":13}},"150":{"start":{"line":492,"column":14},"end":{"line":496,"column":16}},"151":{"start":{"line":498,"column":14},"end":{"line":500,"column":16}},"152":{"start":{"line":503,"column":12},"end":{"line":510,"column":13}},"153":{"start":{"line":507,"column":14},"end":{"line":509,"column":16}},"154":{"start":{"line":513,"column":12},"end":{"line":523,"column":13}},"155":{"start":{"line":514,"column":14},"end":{"line":518,"column":16}},"156":{"start":{"line":520,"column":14},"end":{"line":522,"column":16}},"157":{"start":{"line":525,"column":12},"end":{"line":526,"column":77}},"158":{"start":{"line":529,"column":10},"end":{"line":533,"column":11}},"159":{"start":{"line":530,"column":12},"end":{"line":532,"column":14}},"160":{"start":{"line":534,"column":10},"end":{"line":538,"column":11}},"161":{"start":{"line":535,"column":12},"end":{"line":537,"column":14}},"162":{"start":{"line":541,"column":12},"end":{"line":541,"column":57}},"163":{"start":{"line":543,"column":12},"end":{"line":543,"column":68}},"164":{"start":{"line":545,"column":10},"end":{"line":552,"column":11}},"165":{"start":{"line":546,"column":12},"end":{"line":548,"column":14}},"166":{"start":{"line":549,"column":12},"end":{"line":551,"column":14}},"167":{"start":{"line":554,"column":10},"end":{"line":554,"column":50}},"168":{"start":{"line":557,"column":8},"end":{"line":557,"column":62}},"169":{"start":{"line":559,"column":8},"end":{"line":562,"column":11}},"170":{"start":{"line":565,"column":6},"end":{"line":568,"column":9}},"171":{"start":{"line":571,"column":23},"end":{"line":571,"column":26}},"172":{"start":{"line":572,"column":25},"end":{"line":572,"column":75}},"173":{"start":{"line":574,"column":6},"end":{"line":593,"column":7}},"174":{"start":{"line":575,"column":8},"end":{"line":575,"column":25}},"175":{"start":{"line":576,"column":8},"end":{"line":576,"column":49}},"176":{"start":{"line":577,"column":13},"end":{"line":593,"column":7}},"177":{"start":{"line":580,"column":8},"end":{"line":580,"column":25}},"178":{"start":{"line":581,"column":8},"end":{"line":581,"column":36}},"179":{"start":{"line":582,"column":13},"end":{"line":593,"column":7}},"180":{"start":{"line":591,"column":8},"end":{"line":591,"column":25}},"181":{"start":{"line":592,"column":8},"end":{"line":592,"column":36}},"182":{"start":{"line":595,"column":6},"end":{"line":598,"column":9}},"183":{"start":{"line":603,"column":19},"end":{"line":603,"column":29}},"184":{"start":{"line":604,"column":28},"end":{"line":604,"column":36}},"185":{"start":{"line":606,"column":4},"end":{"line":741,"column":5}},"186":{"start":{"line":607,"column":31},"end":{"line":626,"column":8}},"187":{"start":{"line":628,"column":6},"end":{"line":630,"column":7}},"188":{"start":{"line":629,"column":8},"end":{"line":629,"column":72}},"189":{"start":{"line":633,"column":32},"end":{"line":633,"column":63}},"190":{"start":{"line":634,"column":37},"end":{"line":636,"column":7}},"191":{"start":{"line":635,"column":49},"end":{"line":635,"column":60}},"192":{"start":{"line":638,"column":6},"end":{"line":722,"column":7}},"193":{"start":{"line":640,"column":8},"end":{"line":706,"column":9}},"194":{"start":{"line":642,"column":10},"end":{"line":646,"column":13}},"195":{"start":{"line":649,"column":10},"end":{"line":705,"column":13}},"196":{"start":{"line":650,"column":34},"end":{"line":650,"column":36}},"197":{"start":{"line":653,"column":12},"end":{"line":679,"column":13}},"198":{"start":{"line":654,"column":31},"end":{"line":654,"column":42}},"199":{"start":{"line":657,"column":14},"end":{"line":665,"column":17}},"200":{"start":{"line":668,"column":46},"end":{"line":670,"column":16}},"201":{"start":{"line":672,"column":14},"end":{"line":678,"column":15}},"202":{"start":{"line":674,"column":16},"end":{"line":676,"column":19}},"203":{"start":{"line":677,"column":16},"end":{"line":677,"column":45}},"204":{"start":{"line":682,"column":12},"end":{"line":684,"column":15}},"205":{"start":{"line":687,"column":12},"end":{"line":689,"column":15}},"206":{"start":{"line":691,"column":29},"end":{"line":691,"column":87}},"207":{"start":{"line":692,"column":12},"end":{"line":698,"column":13}},"208":{"start":{"line":693,"column":14},"end":{"line":697,"column":62}},"209":{"start":{"line":700,"column":12},"end":{"line":704,"column":15}},"210":{"start":{"line":709,"column":8},"end":{"line":716,"column":11}},"211":{"start":{"line":710,"column":10},"end":{"line":712,"column":13}},"212":{"start":{"line":715,"column":10},"end":{"line":715,"column":55}},"213":{"start":{"line":718,"column":8},"end":{"line":721,"column":11}},"214":{"start":{"line":725,"column":6},"end":{"line":725,"column":55}},"215":{"start":{"line":727,"column":23},"end":{"line":727,"column":26}},"216":{"start":{"line":728,"column":25},"end":{"line":728,"column":73}},"217":{"start":{"line":730,"column":6},"end":{"line":734,"column":7}},"218":{"start":{"line":732,"column":8},"end":{"line":732,"column":25}},"219":{"start":{"line":733,"column":8},"end":{"line":733,"column":49}},"220":{"start":{"line":737,"column":6},"end":{"line":740,"column":9}},"221":{"start":{"line":745,"column":0},"end":{"line":745,"column":36}}},"fnMap":{"0":{"name":"(anonymous_0)","decl":{"start":{"line":9,"column":2},"end":{"line":9,"column":3}},"loc":{"start":{"line":9,"column":38},"end":{"line":258,"column":3}},"line":9},"1":{"name":"(anonymous_1)","decl":{"start":{"line":260,"column":2},"end":{"line":260,"column":3}},"loc":{"start":{"line":260,"column":36},"end":{"line":307,"column":3}},"line":260},"2":{"name":"(anonymous_2)","decl":{"start":{"line":309,"column":2},"end":{"line":309,"column":3}},"loc":{"start":{"line":309,"column":39},"end":{"line":335,"column":3}},"line":309},"3":{"name":"(anonymous_3)","decl":{"start":{"line":337,"column":2},"end":{"line":337,"column":3}},"loc":{"start":{"line":337,"column":49},"end":{"line":382,"column":3}},"line":337},"4":{"name":"(anonymous_4)","decl":{"start":{"line":361,"column":48},"end":{"line":361,"column":49}},"loc":{"start":{"line":361,"column":56},"end":{"line":361,"column":67}},"line":361},"5":{"name":"(anonymous_5)","decl":{"start":{"line":384,"column":2},"end":{"line":384,"column":3}},"loc":{"start":{"line":384,"column":38},"end":{"line":600,"column":3}},"line":384},"6":{"name":"(anonymous_6)","decl":{"start":{"line":400,"column":58},"end":{"line":400,"column":59}},"loc":{"start":{"line":400,"column":72},"end":{"line":563,"column":7}},"line":400},"7":{"name":"(anonymous_7)","decl":{"start":{"line":602,"column":2},"end":{"line":602,"column":3}},"loc":{"start":{"line":602,"column":38},"end":{"line":742,"column":3}},"line":602},"8":{"name":"(anonymous_8)","decl":{"start":{"line":635,"column":41},"end":{"line":635,"column":42}},"loc":{"start":{"line":635,"column":49},"end":{"line":635,"column":60}},"line":635},"9":{"name":"(anonymous_9)","decl":{"start":{"line":649,"column":36},"end":{"line":649,"column":37}},"loc":{"start":{"line":649,"column":50},"end":{"line":705,"column":11}},"line":649},"10":{"name":"(anonymous_10)","decl":{"start":{"line":709,"column":34},"end":{"line":709,"column":35}},"loc":{"start":{"line":709,"column":48},"end":{"line":716,"column":9}},"line":709}},"branchMap":{"0":{"loc":{"start":{"line":13,"column":6},"end":{"line":17,"column":7}},"type":"if","locations":[{"start":{"line":13,"column":6},"end":{"line":17,"column":7}},{"start":{},"end":{}}],"line":13},"1":{"loc":{"start":{"line":13,"column":10},"end":{"line":13,"column":76}},"type":"binary-expr","locations":[{"start":{"line":13,"column":10},"end":{"line":13,"column":15}},{"start":{"line":13,"column":19},"end":{"line":13,"column":30}},{"start":{"line":13,"column":34},"end":{"line":13,"column":47}},{"start":{"line":13,"column":51},"end":{"line":13,"column":76}}],"line":13},"2":{"loc":{"start":{"line":27,"column":6},"end":{"line":31,"column":7}},"type":"if","locations":[{"start":{"line":27,"column":6},"end":{"line":31,"column":7}},{"start":{},"end":{}}],"line":27},"3":{"loc":{"start":{"line":40,"column":8},"end":{"line":50,"column":9}},"type":"if","locations":[{"start":{"line":40,"column":8},"end":{"line":50,"column":9}},{"start":{},"end":{}}],"line":40},"4":{"loc":{"start":{"line":41,"column":10},"end":{"line":44,"column":29}},"type":"binary-expr","locations":[{"start":{"line":41,"column":10},"end":{"line":41,"column":24}},{"start":{"line":42,"column":10},"end":{"line":42,"column":39}},{"start":{"line":43,"column":10},"end":{"line":43,"column":34}},{"start":{"line":44,"column":10},"end":{"line":44,"column":29}}],"line":41},"5":{"loc":{"start":{"line":52,"column":8},"end":{"line":56,"column":9}},"type":"if","locations":[{"start":{"line":52,"column":8},"end":{"line":56,"column":9}},{"start":{},"end":{}}],"line":52},"6":{"loc":{"start":{"li
[...]
n":12},"end":{"line":137,"column":13}},{"start":{},"end":{}}],"line":135},"21":{"loc":{"start":{"line":155,"column":12},"end":{"line":157,"column":13}},"type":"if","locations":[{"start":{"line":155,"column":12},"end":{"line":157,"column":13}},{"start":{},"end":{}}],"line":155},"22":{"loc":{"start":{"line":161,"column":12},"end":{"line":163,"column":13}},"type":"if","locations":[{"start":{"line":161,"column":12},"end":{"line":163,"column":13}},{"start":{},"end":{}}],"line":161},"23":{"loc":{"start":{"line":164,"column":12},"end":{"line":166,"column":13}},"type":"if","locations":[{"start":{"line":164,"column":12},"end":{"line":166,"column":13}},{"start":{},"end":{}}],"line":164},"24":{"loc":{"start":{"line":186,"column":12},"end":{"line":188,"column":13}},"type":"if","locations":[{"start":{"line":186,"column":12},"end":{"line":188,"column":13}},{"start":{},"end":{}}],"line":186},"25":{"loc":{"start":{"line":192,"column":12},"end":{"line":194,"column":13}},"type":"if","locations":[{"start":{"line":192,"column":12},"end":{"line":194,"column":13}},{"start":{},"end":{}}],"line":192},"26":{"loc":{"start":{"line":195,"column":12},"end":{"line":197,"column":13}},"type":"if","locations":[{"start":{"line":195,"column":12},"end":{"line":197,"column":13}},{"start":{},"end":{}}],"line":195},"27":{"loc":{"start":{"line":198,"column":12},"end":{"line":200,"column":13}},"type":"if","locations":[{"start":{"line":198,"column":12},"end":{"line":200,"column":13}},{"start":{},"end":{}}],"line":198}},"s":{"0":6,"1":6,"2":6,"3":3,"4":3,"5":3,"6":0,"7":3,"8":0,"9":3,"10":0,"11":3,"12":0,"13":3,"14":0,"15":3,"16":0,"17":3,"18":0,"19":3,"20":1,"21":0,"22":1,"23":1,"24":1,"25":2,"26":2,"27":1,"28":1,"29":1,"30":1,"31":1,"32":0,"33":1,"34":2,"35":2,"36":2,"37":1,"38":1,"39":0,"40":1,"41":1,"42":1,"43":0,"44":1,"45":1,"46":1,"47":1,"48":1,"49":0,"50":0,"51":2,"52":2,"53":2,"54":2,"55":2,"56":8,"57":1,"58":2,"59":1,"60":1,"61":1,"62":0,"63":2,"64":2,"65":2,"66":2,"67":0,"68":2,"69":2,"70":0,"71":2,"72":1,"73":1,"74":1,"75":0,"76":2,"77":2,"78":2,"79":2,"80":0,"81":2,"82":2,"83":0,"84":2,"85":0,"86":2,"87":1,"88":1,"89":1,"90":0,"91":6},"f":{"0":3,"1":2,"2":1,"3":2,"4":8,"5":2,"6":2},"b":{"0":[0,3],"1":[0,3],"2":[0,3],"3":[0,3],"4":[0,3],"5":[0,3],"6":[0,3],"7":[1,2],"8":[3,2],"9":[0,1],"10":[1,0],"11":[1,0],"12":[1,0],"13":[1,0],"14":[0,1],"15":[1,1],"16":[2,1],"17":[0,1],"18":[1,0],"19":[1,7],"20":[1,1],"21":[0,2],"22":[0,2],"23":[1,1],"24":[0,2],"25":[0,2],"26":[0,2],"27":[1,1]},"_coverageSchema":"1a1c01bbd47fc00a2c39e90264f33305004495a9","hash":"af4023d9ed052be3f34c7e1710d5ad2d420dca88"}
,"C:\\Users\\Micro\\Desktop\\SEC\\BACKEND\\API_CONFEITARIA\\controllers\\middlewares\\checkToken.js": {"path":"C:\\Users\\Micro\\Desktop\\SEC\\BACKEND\\API_CONFEITARIA\\controllers\\middlewares\\checkToken.js","statementMap":{"0":{"start":{"line":1,"column":0},"end":{"line":1,"column":26}},"1":{"start":{"line":2,"column":18},"end":{"line":2,"column":40}},"2":{"start":{"line":4,"column":12},"end":{"line":4,"column":35}},"3":{"start":{"line":7,"column":23},"end":{"line":7,"column":51}},"4":{"start":{"line":9,"column":18},"end":{"line":9,"column":56}},"5":{"start":{"line":11,"column":4},"end":{"line":11,"column":71}},"6":{"start":{"line":11,"column":16},"end":{"line":11,"column":71}},"7":{"start":{"line":13,"column":4},"end":{"line":18,"column":5}},"8":{"start":{"line":14,"column":6},"end":{"line":14,"column":34}},"9":{"start":{"line":15,"column":6},"end":{"line":15,"column":13}},"10":{"start":{"line":17,"column":6},"end":{"line":17,"column":59}},"11":{"start":{"line":21,"column":0},"end":{"line":21,"column":28}}},"fnMap":{"0":{"name":"checkToken","decl":{"start":{"line":6,"column":9},"end":{"line":6,"column":19}},"loc":{"start":{"line":6,"column":36},"end":{"line":19,"column":1}},"line":6}},"branchMap":{"0":{"loc":{"start":{"line":9,"column":18},"end":{"line":9,"column":56}},"type":"binary-expr","locations":[{"start":{"line":9,"column":18},"end":{"line":9,"column":28}},{"start":{"line":9,"column":32},"end":{"line":9,"column":56}}],"line":9},"1":{"loc":{"start":{"line":11,"column":4},"end":{"line":11,"column":71}},"type":"if","locations":[{"start":{"line":11,"column":4},"end":{"line":11,"column":71}},{"start":{},"end":{}}],"line":11}},"s":{"0":6,"1":6,"2":6,"3":82,"4":82,"5":82,"6":0,"7":82,"8":82,"9":82,"10":0,"11":6},"f":{"0":82},"b":{"0":[82,82],"1":[0,82]},"_coverageSchema":"1a1c01bbd47fc00a2c39e90264f33305004495a9","hash":"dbe9f8cee3b48698d3a298d92f139168cc3a2eda"}
,"C:\\Users\\Micro\\Desktop\\SEC\\BACKEND\\API_CONFEITARIA\\controllers\\utils\\convertToBase.js": {"path":"C:\\Users\\Micro\\Desktop\\SEC\\BACKEND\\API_CONFEITARIA\\controllers\\utils\\convertToBase.js","statementMap":{"0":{"start":{"line":2,"column":4},"end":{"line":4,"column":5}},"1":{"start":{"line":3,"column":8},"end":{"line":3,"column":17}},"2":{"start":{"line":6,"column":16},"end":{"line":6,"column":33}},"3":{"start":{"line":7,"column":22},"end":{"line":7,"column":40}},"4":{"start":{"line":9,"column":4},"end":{"line":17,"column":5}},"5":{"start":{"line":10,"column":19},"end":{"line":10,"column":37}},"6":{"start":{"line":11,"column":19},"end":{"line":11,"column":30}},"7":{"start":{"line":12,"column":19},"end":{"line":12,"column":37}},"8":{"start":{"line":13,"column":19},"end":{"line":13,"column":30}},"9":{"start":{"line":14,"column":19},"end":{"line":14,"column":37}},"10":{"start":{"line":15,"column":19},"end":{"line":15,"column":30}},"11":{"start":{"line":16,"column":19},"end":{"line":16,"column":30}},"12":{"start":{"line":20,"column":0},"end":{"line":20,"column":31}}},"fnMap":{"0":{"name":"convertToBase","decl":{"start":{"line":1,"column":9},"end":{"line":1,"column":22}},"loc":{"start":{"line":1,"column":36},"end":{"line":18,"column":1}},"line":1}},"branchMap":{"0":{"loc":{"start":{"line":2,"column":4},"end":{"line":4,"column":5}},"type":"if","locations":[{"start":{"line":2,"column":4},"end":{"line":4,"column":5}},{"start":{},"end":{}}],"line":2},"1":{"loc":{"start":{"line":2,"column":8},"end":{"line":2,"column":61}},"type":"binary-expr","locations":[{"start":{"line":2,"column":8},"end":{"line":2,"column":22}},{"start":{"line":2,"column":26},"end":{"line":2,"column":45}},{"start":{"line":2,"column":49},"end":{"line":2,"column":61}}],"line":2},"2":{"loc":{"start":{"line":9,"column":4},"end":{"line":17,"column":5}},"type":"switch","locations":[{"start":{"line":10,"column":8},"end":{"line":10,"column":37}},{"start":{"line":11,"column":8},"end":{"line":11,"column":30}},{"start":{"line":12,"column":8},"end":{"line":12,"column":37}},{"start":{"line":13,"column":8},"end":{"line":13,"column":30}},{"start":{"line":14,"column":8},"end":{"line":14,"column":37}},{"start":{"line":15,"column":8},"end":{"line":15,"column":30}},{"start":{"line":16,"column":8},"end":{"line":16,"column":30}}],"line":9}},"s":{"0":33,"1":3,"2":30,"3":30,"4":30,"5":4,"6":13,"7":4,"8":3,"9":2,"10":2,"11":2,"12":7},"f":{"0":33},"b":{"0":[3,30],"1":[33,32,31],"2":[4,13,4,3,2,2,2]},"_coverageSchema":"1a1c01bbd47fc00a2c39e90264f33305004495a9","hash":"d98f2cc4bf7caf459925a98fb5ca4ac291c6c71e"}
,"C:\\Users\\Micro\\Desktop\\SEC\\BACKEND\\API_CONFEITARIA\\controllers\\utils\\excludeKey.js": {"path":"C:\\Users\\Micro\\Desktop\\SEC\\BACKEND\\API_CONFEITARIA\\controllers\\utils\\excludeKey.js","statementMap":{"0":{"start":{"line":2,"column":4},"end":{"line":4,"column":6}},"1":{"start":{"line":3,"column":45},"end":{"line":3,"column":64}},"2":{"start":{"line":7,"column":0},"end":{"line":7,"column":25}}},"fnMap":{"0":{"name":"exclude","decl":{"start":{"line":1,"column":9},"end":{"line":1,"column":16}},"loc":{"start":{"line":1,"column":29},"end":{"line":5,"column":1}},"line":1},"1":{"name":"(anonymous_1)","decl":{"start":{"line":3,"column":34},"end":{"line":3,"column":35}},"loc":{"start":{"line":3,"column":45},"end":{"line":3,"column":64}},"line":3}},"branchMap":{},"s":{"0":7,"1":37,"2":7},"f":{"0":7,"1":37},"b":{},"_coverageSchema":"1a1c01bbd47fc00a2c39e90264f33305004495a9","hash":"8787aa5f400a1e00ed38a42584df309351c68a1a"}
,"C:\\Users\\Micro\\Desktop\\SEC\\BACKEND\\API_CONFEITARIA\\controllers\\utils\\recipeUnitConverter.js": {"path":"C:\\Users\\Micro\\Desktop\\SEC\\BACKEND\\API_CONFEITARIA\\controllers\\utils\\recipeUnitConverter.js","statementMap":{"0":{"start":{"line":1,"column":26},"end":{"line":1,"column":51}},"1":{"start":{"line":4,"column":4},"end":{"line":6,"column":5}},"2":{"start":{"line":5,"column":8},"end":{"line":5,"column":17}},"3":{"start":{"line":8,"column":16},"end":{"line":8,"column":33}},"4":{"start":{"line":9,"column":26},"end":{"line":9,"column":48}},"5":{"start":{"line":10,"column":28},"end":{"line":10,"column":52}},"6":{"start":{"line":12,"column":4},"end":{"line":14,"column":5}},"7":{"start":{"line":13,"column":8},"end":{"line":13,"column":19}},"8":{"start":{"line":18,"column":4},"end":{"line":33,"column":5}},"9":{"start":{"line":19,"column":31},"end":{"line":19,"column":62}},"10":{"start":{"line":19,"column":63},"end":{"line":19,"column":69}},"11":{"start":{"line":20,"column":30},"end":{"line":20,"column":54}},"12":{"start":{"line":20,"column":55},"end":{"line":20,"column":61}},"13":{"start":{"line":21,"column":31},"end":{"line":21,"column":62}},"14":{"start":{"line":21,"column":63},"end":{"line":21,"column":69}},"15":{"start":{"line":23,"column":31},"end":{"line":23,"column":55}},"16":{"start":{"line":23,"column":56},"end":{"line":23,"column":62}},"17":{"start":{"line":24,"column":30},"end":{"line":24,"column":61}},"18":{"start":{"line":24,"column":62},"end":{"line":24,"column":68}},"19":{"start":{"line":27,"column":12},"end":{"line":29,"column":13}},"20":{"start":{"line":28,"column":16},"end":{"line":28,"column":90}},"21":{"start":{"line":30,"column":12},"end":{"line":30,"column":23}},"22":{"start":{"line":32,"column":12},"end":{"line":32,"column":107}},"23":{"start":{"line":36,"column":4},"end":{"line":48,"column":5}},"24":{"start":{"line":37,"column":31},"end":{"line":37,"column":63}},"25":{"start":{"line":38,"column":30},"end":{"line":38,"column":55}},"26":{"start":{"line":39,"column":31},"end":{"line":39,"column":63}},"27":{"start":{"line":41,"column":31},"end":{"line":41,"column":56}},"28":{"start":{"line":42,"column":30},"end":{"line":42,"column":62}},"29":{"start":{"line":45,"column":12},"end":{"line":45,"column":79}},"30":{"start":{"line":47,"column":12},"end":{"line":47,"column":110}},"31":{"start":{"line":52,"column":0},"end":{"line":52,"column":55}}},"fnMap":{"0":{"name":"convertRecipeUnits","decl":{"start":{"line":3,"column":9},"end":{"line":3,"column":27}},"loc":{"start":{"line":3,"column":57},"end":{"line":49,"column":1}},"line":3}},"branchMap":{"0":{"loc":{"start":{"line":4,"column":4},"end":{"line":6,"column":5}},"type":"if","locations":[{"start":{"line":4,"column":4},"end":{"line":6,"column":5}},{"start":{},"end":{}}],"line":4},"1":{"loc":{"start":{"line":4,"column":8},"end":{"line":4,"column":61}},"type":"binary-expr","locations":[{"start":{"line":4,"column":8},"end":{"line":4,"column":22}},{"start":{"line":4,"column":26},"end":{"line":4,"column":45}},{"start":{"line":4,"column":49},"end":{"line":4,"column":61}}],"line":4},"2":{"loc":{"start":{"line":12,"column":4},"end":{"line":14,"column":5}},"type":"if","locations":[{"start":{"line":12,"column":4},"end":{"line":14,"column":5}},{"start":{},"end":{}}],"line":12},"3":{"loc":{"start":{"line":18,"column":4},"end":{"line":33,"column":5}},"type":"switch","locations":[{"start":{"line":19,"column":8},"end":{"line":19,"column":69}},{"start":{"line":20,"column":8},"end":{"line":20,"column":61}},{"start":{"line":21,"column":8},"end":{"line":21,"column":69}},{"start":{"line":23,"column":8},"end":{"line":23,"column":62}},{"start":{"line":24,"column":8},"end":{"line":24,"column":68}},{"start":{"line":26,"column":8},"end":{"line":30,"column":23}},{"start":{"line":31,"column":8},"end":{"line":32,"column":107}}],"line":18},"4":{"loc":{"start":{"line":27,"column":12},"end":{"line":29,"column":13}},"type":"if","locations":[{"start":{"line":27,"column":12},"end":{"line":29,"column":13}},{"start":{},"end":{}}],"line":27},"5":{"loc":{"start":{"line":36,"column":4},"end":{"line":48,"column":5}},"type":"switch","locations":[{"start":{"line":37,"column":8},"end":{"line":37,"column":63}},{"start":{"line":38,"column":8},"end":{"line":38,"column":55}},{"start":{"line":39,"column":8},"end":{"line":39,"column":63}},{"start":{"line":41,"column":8},"end":{"line":41,"column":56}},{"start":{"line":42,"column":8},"end":{"line":42,"column":62}},{"start":{"line":44,"column":8},"end":{"line":45,"column":79}},{"start":{"line":46,"column":8},"end":{"line":47,"column":110}}],"line":36}},"s":{"0":7,"1":34,"2":3,"3":31,"4":31,"5":31,"6":31,"7":6,"8":25,"9":4,"10":4,"11":8,"12":8,"13":6,"14":6,"15":2,"16":2,"17":2,"18":2,"19":1,"20":1,"21":0,"22":2,"23":22,"24":4,"25":6,"26":6,"27":2,"28":2,"29":1,"30":1,"31":7},"f":{"0":34},"b":{"0":[3,31],"1":[34,33,32],"2":[6,25],"3":[4,8,6,2,2,1,2],"4":[1,0],"5":[4,6,6,2,2,1,1]},"_coverageSchema":"1a1c01bbd47fc00a2c39e90264f33305004495a9","hash":"713eec3dc6b2a5a79b333dd990b0549d23006c54"}
,"C:\\Users\\Micro\\Desktop\\SEC\\BACKEND\\API_CONFEITARIA\\routes\\index.js": {"path":"C:\\Users\\Micro\\Desktop\\SEC\\BACKEND\\API_CONFEITARIA\\routes\\index.js","statementMap":{"0":{"start":{"line":1,"column":16},"end":{"line":1,"column":34}},"1":{"start":{"line":2,"column":20},"end":{"line":2,"column":44}},"2":{"start":{"line":3,"column":19},"end":{"line":3,"column":42}},"3":{"start":{"line":4,"column":20},"end":{"line":4,"column":44}},"4":{"start":{"line":5,"column":23},"end":{"line":5,"column":50}},"5":{"start":{"line":6,"column":20},"end":{"line":6,"column":44}},"6":{"start":{"line":8,"column":15},"end":{"line":8,"column":31}},"7":{"start":{"line":10,"column":0},"end":{"line":10,"column":24}},"8":{"start":{"line":11,"column":0},"end":{"line":11,"column":23}},"9":{"start":{"line":12,"column":0},"end":{"line":12,"column":24}},"10":{"start":{"line":13,"column":0},"end":{"line":13,"column":27}},"11":{"start":{"line":14,"column":0},"end":{"line":14,"column":24}},"12":{"start":{"line":16,"column":0},"end":{"line":16,"column":24}}},"fnMap":{},"branchMap":{},"s":{"0":6,"1":6,"2":6,"3":6,"4":6,"5":6,"6":6,"7":6,"8":6,"9":6,"10":6,"11":6,"12":6},"f":{},"b":{},"_coverageSchema":"1a1c01bbd47fc00a2c39e90264f33305004495a9","hash":"aeacf166e5c7669e23de8d6e26204d1c4ae3980b"}
,"C:\\Users\\Micro\\Desktop\\SEC\\BACKEND\\API_CONFEITARIA\\routes\\loginRoutes.js": {"path":"C:\\Users\\Micro\\Desktop\\SEC\\BACKEND\\API_CONFEITARIA\\routes\\loginRoutes.js","statementMap":{"0":{"start":{"line":1,"column":16},"end":{"line":1,"column":34}},"1":{"start":{"line":2,"column":24},"end":{"line":2,"column":65}},"2":{"start":{"line":4,"column":15},"end":{"line":4,"column":31}},"3":{"start":{"line":6,"column":0},"end":{"line":6,"column":58}},"4":{"start":{"line":8,"column":0},"end":{"line":8,"column":24}}},"fnMap":{},"branchMap":{},"s":{"0":6,"1":6,"2":6,"3":6,"4":6},"f":{},"b":{},"_coverageSchema":"1a1c01bbd47fc00a2c39e90264f33305004495a9","hash":"78e25b4c3bac41a9fbcff7b9a9228b8a8853a4d1"}
,"C:\\Users\\Micro\\Desktop\\SEC\\BACKEND\\API_CONFEITARIA\\routes\\orderRoutes.js": {"path":"C:\\Users\\Micro\\Desktop\\SEC\\BACKEND\\API_CONFEITARIA\\routes\\orderRoutes.js","statementMap":{"0":{"start":{"line":1,"column":16},"end":{"line":1,"column":34}},"1":{"start":{"line":2,"column":24},"end":{"line":2,"column":65}},"2":{"start":{"line":3,"column":19},"end":{"line":3,"column":67}},"3":{"start":{"line":6,"column":15},"end":{"line":6,"column":31}},"4":{"start":{"line":8,"column":0},"end":{"line":8,"column":65}},"5":{"start":{"line":11,"column":0},"end":{"line":11,"column":62}},"6":{"start":{"line":14,"column":0},"end":{"line":14,"column":69}},"7":{"start":{"line":17,"column":0},"end":{"line":17,"column":98}},"8":{"start":{"line":20,"column":0},"end":{"line":20,"column":87}},"9":{"start":{"line":23,"column":0},"end":{"line":23,"column":71}},"10":{"start":{"line":26,"column":0},"end":{"line":26,"column":100}},"11":{"start":{"line":28,"column":0},"end":{"line":28,"column":24}}},"fnMap":{},"branchMap":{},"s":{"0":6,"1":6,"2":6,"3":6,"4":6,"5":6,"6":6,"7":6,"8":6,"9":6,"10":6,"11":6},"f":{},"b":{},"_coverageSchema":"1a1c01bbd47fc00a2c39e90264f33305004495a9","hash":"cf0583eb186f99917706a5ff27b3692b69738fa7"}
,"C:\\Users\\Micro\\Desktop\\SEC\\BACKEND\\API_CONFEITARIA\\routes\\revenuesRoutes.js": {"path":"C:\\Users\\Micro\\Desktop\\SEC\\BACKEND\\API_CONFEITARIA\\routes\\revenuesRoutes.js","statementMap":{"0":{"start":{"line":1,"column":16},"end":{"line":1,"column":34}},"1":{"start":{"line":2,"column":27},"end":{"line":2,"column":71}},"2":{"start":{"line":3,"column":37},"end":{"line":3,"column":91}},"3":{"start":{"line":4,"column":19},"end":{"line":4,"column":67}},"4":{"start":{"line":6,"column":15},"end":{"line":6,"column":31}},"5":{"start":{"line":8,"column":0},"end":{"line":8,"column":119}},"6":{"start":{"line":9,"column":0},"end":{"line":9,"column":134}},"7":{"start":{"line":10,"column":0},"end":{"line":10,"column":137}},"8":{"start":{"line":12,"column":0},"end":{"line":12,"column":95}},"9":{"start":{"line":14,"column":0},"end":{"line":14,"column":76}},"10":{"start":{"line":15,"column":0},"end":{"line":15,"column":73}},"11":{"start":{"line":16,"column":0},"end":{"line":16,"column":80}},"12":{"start":{"line":17,"column":0},"end":{"line":17,"column":79}},"13":{"start":{"line":18,"column":0},"end":{"line":18,"column":82}},"14":{"start":{"line":20,"column":0},"end":{"line":20,"column":24}}},"fnMap":{},"branchMap":{},"s":{"0":6,"1":6,"2":6,"3":6,"4":6,"5":6,"6":6,"7":6,"8":6,"9":6,"10":6,"11":6,"12":6,"13":6,"14":6},"f":{},"b":{},"_coverageSchema":"1a1c01bbd47fc00a2c39e90264f33305004495a9","hash":"11cea0451fa8d68d2fdd66296a03a3c56ac57ae5"}
,"C:\\Users\\Micro\\Desktop\\SEC\\BACKEND\\API_CONFEITARIA\\routes\\stockRoutes.js": {"path":"C:\\Users\\Micro\\Desktop\\SEC\\BACKEND\\API_CONFEITARIA\\routes\\stockRoutes.js","statementMap":{"0":{"start":{"line":1,"column":16},"end":{"line":1,"column":34}},"1":{"start":{"line":2,"column":24},"end":{"line":2,"column":65}},"2":{"start":{"line":3,"column":19},"end":{"line":3,"column":67}},"3":{"start":{"line":5,"column":15},"end":{"line":5,"column":31}},"4":{"start":{"line":6,"column":0},"end":{"line":6,"column":76}},"5":{"start":{"line":7,"column":0},"end":{"line":7,"column":73}},"6":{"start":{"line":8,"column":0},"end":{"line":8,"column":92}},"7":{"start":{"line":9,"column":0},"end":{"line":9,"column":91}},"8":{"start":{"line":10,"column":0},"end":{"line":10,"column":94}},"9":{"start":{"line":12,"column":0},"end":{"line":12,"column":24}}},"fnMap":{},"branchMap":{},"s":{"0":6,"1":6,"2":6,"3":6,"4":6,"5":6,"6":6,"7":6,"8":6,"9":6},"f":{},"b":{},"_coverageSchema":"1a1c01bbd47fc00a2c39e90264f33305004495a9","hash":"043578f6787491bb5ff0fc147f6d926437601bca"}
,"C:\\Users\\Micro\\Desktop\\SEC\\BACKEND\\API_CONFEITARIA\\routes\\userRoutes.js": {"path":"C:\\Users\\Micro\\Desktop\\SEC\\BACKEND\\API_CONFEITARIA\\routes\\userRoutes.js","statementMap":{"0":{"start":{"line":1,"column":16},"end":{"line":1,"column":34}},"1":{"start":{"line":2,"column":23},"end":{"line":2,"column":63}},"2":{"start":{"line":3,"column":19},"end":{"line":3,"column":67}},"3":{"start":{"line":5,"column":15},"end":{"line":5,"column":31}},"4":{"start":{"line":7,"column":0},"end":{"line":7,"column":51}},"5":{"start":{"line":8,"column":0},"end":{"line":8,"column":67}},"6":{"start":{"line":9,"column":0},"end":{"line":9,"column":74}},"7":{"start":{"line":10,"column":0},"end":{"line":10,"column":66}},"8":{"start":{"line":11,"column":0},"end":{"line":11,"column":83}},"9":{"start":{"line":12,"column":0},"end":{"line":12,"column":71}},"10":{"start":{"line":14,"column":0},"end":{"line":14,"column":24}}},"fnMap":{},"branchMap":{},"s":{"0":6,"1":6,"2":6,"3":6,"4":6,"5":6,"6":6,"7":6,"8":6,"9":6,"10":6},"f":{},"b":{},"_coverageSchema":"1a1c01bbd47fc00a2c39e90264f33305004495a9","hash":"4fab559862f359f628b002b576e767c5fb5868f1"}
}
