TN:
SF:app.js
FNF:0
FNH:0
DA:1,6
DA:2,6
DA:3,6
DA:5,6
DA:7,6
DA:8,6
DA:9,6
DA:11,6
LF:8
LH:8
BRF:0
BRH:0
end_of_record
TN:
SF:controllers\LoginController.js
FN:12,(anonymous_0)
FNF:1
FNH:1
FNDA:5,(anonymous_0)
DA:1,6
DA:2,6
DA:4,6
DA:5,6
DA:7,6
DA:9,6
DA:16,5
DA:18,5
DA:19,1
DA:22,4
DA:23,1
DA:26,3
DA:32,3
DA:33,1
DA:36,2
DA:38,2
DA:39,1
DA:42,2
DA:44,2
DA:45,2
DA:46,2
DA:50,2
DA:53,1
DA:58,6
LF:24
LH:24
BRDA:18,0,0,1
BRDA:18,0,1,4
BRDA:22,1,0,1
BRDA:22,1,1,3
BRDA:32,2,0,1
BRDA:32,2,1,2
BRDA:38,3,0,1
BRDA:38,3,1,1
BRF:8
BRH:8
end_of_record
TN:
SF:controllers\OrderController.js
FN:7,(anonymous_0)
FN:251,(anonymous_1)
FN:301,(anonymous_2)
FN:329,(anonymous_3)
FN:608,(anonymous_4)
FN:746,(anonymous_5)
FN:947,(anonymous_6)
FN:1189,(anonymous_7)
FN:1327,(anonymous_8)
FNF:9
FNH:6
FNDA:5,(anonymous_0)
FNDA:4,(anonymous_1)
FNDA:3,(anonymous_2)
FNDA:5,(anonymous_3)
FNDA:0,(anonymous_4)
FNDA:0,(anonymous_5)
FNDA:0,(anonymous_6)
FNDA:5,(anonymous_7)
FNDA:3,(anonymous_8)
DA:1,6
DA:2,6
DA:3,6
DA:4,6
DA:8,5
DA:9,5
DA:11,5
DA:13,5
DA:19,2
DA:24,3
DA:26,3
DA:27,3
DA:28,3
DA:31,3
DA:32,3
DA:34,3
DA:35,0
DA:40,3
DA:51,3
DA:52,1
DA:56,2
DA:57,0
DA:62,2
DA:63,2
DA:65,2
DA:66,2
DA:67,2
DA:70,2
DA:72,2
DA:74,2
DA:75,2
DA:86,2
DA:88,2
DA:90,0
DA:94,2
DA:101,2
DA:102,2
DA:114,2
DA:116,2
DA:117,0
DA:118,0
DA:129,2
DA:134,2
DA:137,2
DA:139,1
DA:152,2
DA:153,1
DA:160,1
DA:161,1
DA:164,1
DA:173,1
DA:175,1
DA:176,0
DA:189,1
DA:195,1
DA:198,1
DA:210,1
DA:223,1
DA:224,1
DA:235,1
DA:237,1
DA:243,0
DA:244,0
DA:252,4
DA:253,4
DA:256,4
DA:257,2
DA:258,2
DA:273,2
DA:274,1
DA:279,2
DA:290,3
DA:294,0
DA:295,0
DA:302,3
DA:303,3
DA:305,3
DA:316,3
DA:317,2
DA:320,1
DA:322,0
DA:323,0
DA:330,5
DA:331,5
DA:333,5
DA:334,5
DA:353,5
DA:354,1
DA:357,4
DA:358,1
DA:363,3
DA:366,3
DA:367,3
DA:368,3
DA:370,3
DA:371,3
DA:372,3
DA:374,3
DA:376,3
DA:377,0
DA:382,3
DA:383,3
DA:388,3
DA:394,3
DA:408,3
DA:415,3
DA:416,3
DA:419,3
DA:420,3
DA:422,3
DA:423,1
DA:428,2
DA:439,2
DA:440,1
DA:444,1
DA:445,0
DA:450,1
DA:452,1
DA:453,1
DA:454,1
DA:456,1
DA:458,1
DA:459,0
DA:463,1
DA:464,1
DA:468,1
DA:473,1
DA:474,1
DA:483,1
DA:484,1
DA:487,1
DA:494,1
DA:506,1
DA:507,1
DA:514,1
DA:518,1
DA:519,0
DA:530,1
DA:532,1
DA:537,0
DA:557,1
DA:570,1
DA:572,0
DA:579,1
DA:592,1
DA:594,1
DA:600,0
DA:601,0
DA:609,0
DA:610,0
DA:611,0
DA:613,0
DA:615,0
DA:620,0
DA:621,0
DA:625,0
DA:626,0
DA:631,0
DA:632,0
DA:637,0
DA:641,0
DA:646,0
DA:647,0
DA:650,0
DA:654,0
DA:655,0
DA:674,0
DA:676,0
DA:680,0
DA:681,0
DA:682,0
DA:684,0
DA:685,0
DA:686,0
DA:688,0
DA:689,0
DA:693,0
DA:695,0
DA:700,0
DA:701,0
DA:705,0
DA:709,0
DA:722,0
DA:730,0
DA:732,0
DA:736,0
DA:737,0
DA:738,0
DA:740,0
DA:747,0
DA:748,0
DA:750,0
DA:751,0
DA:752,0
DA:757,0
DA:761,0
DA:762,0
DA:765,0
DA:766,0
DA:771,0
DA:782,0
DA:783,0
DA:787,0
DA:788,0
DA:794,0
DA:795,0
DA:796,0
DA:797,0
DA:799,0
DA:800,0
DA:802,0
DA:803,0
DA:805,0
DA:809,0
DA:811,0
DA:815,0
DA:819,0
DA:820,0
DA:828,0
DA:829,0
DA:830,0
DA:834,0
DA:835,0
DA:837,0
DA:841,0
DA:842,0
DA:848,0
DA:852,0
DA:866,0
DA:867,0
DA:874,0
DA:876,0
DA:877,0
DA:888,0
DA:897,0
DA:898,0
DA:907,0
DA:918,0
DA:927,0
DA:929,0
DA:934,0
DA:939,0
DA:940,0
DA:948,0
DA:949,0
DA:951,0
DA:953,0
DA:958,0
DA:959,0
DA:962,0
DA:963,0
DA:968,0
DA:973,0
DA:979,0
DA:999,0
DA:1000,0
DA:1005,0
DA:1006,0
DA:1008,0
DA:1009,0
DA:1014,0
DA:1016,0
DA:1018,0
DA:1022,0
DA:1029,0
DA:1031,0
DA:1032,0
DA:1033,0
DA:1035,0
DA:1036,0
DA:1038,0
DA:1039,0
DA:1040,0
DA:1043,0
DA:1044,0
DA:1048,0
DA:1052,0
DA:1053,0
DA:1061,0
DA:1062,0
DA:1063,0
DA:1068,0
DA:1069,0
DA:1072,0
DA:1077,0
DA:1078,0
DA:1083,0
DA:1086,0
DA:1091,0
DA:1108,0
DA:1109,0
DA:1115,0
DA:1118,0
DA:1119,0
DA:1130,0
DA:1131,0
DA:1142,0
DA:1157,0
DA:1158,0
DA:1166,0
DA:1168,0
DA:1173,0
DA:1178,0
DA:1182,0
DA:1190,5
DA:1192,5
DA:1194,5
DA:1199,5
DA:1200,1
DA:1203,4
DA:1204,1
DA:1210,3
DA:1230,3
DA:1231,1
DA:1236,2
DA:1237,2
DA:1239,2
DA:1240,0
DA:1245,2
DA:1248,2
DA:1249,2
DA:1250,2
DA:1252,2
DA:1255,2
DA:1256,0
DA:1260,2
DA:1261,2
DA:1266,2
DA:1271,2
DA:1284,2
DA:1297,2
DA:1298,2
DA:1306,2
DA:1309,2
DA:1314,2
DA:1319,0
DA:1320,0
DA:1328,3
DA:1330,3
DA:1331,3
DA:1350,3
DA:1351,1
DA:1354,2
DA:1357,2
DA:1358,2
DA:1359,2
DA:1361,2
DA:1362,2
DA:1363,2
DA:1365,2
DA:1367,2
DA:1368,0
DA:1371,2
DA:1372,2
DA:1377,2
DA:1382,2
DA:1396,2
DA:1403,2
DA:1410,2
DA:1412,2
DA:1414,0
DA:1415,0
DA:1423,6
LF:363
LH:180
BRDA:13,0,0,2
BRDA:13,0,1,3
BRDA:14,1,0,5
BRDA:14,1,1,4
BRDA:14,1,2,4
BRDA:14,1,3,4
BRDA:34,2,0,0
BRDA:34,2,1,3
BRDA:34,3,0,3
BRDA:34,3,1,3
BRDA:34,3,2,3
BRDA:51,4,0,1
BRDA:51,4,1,2
BRDA:56,5,0,0
BRDA:56,5,1,2
BRDA:70,6,0,2
BRDA:70,6,1,2
BRDA:72,7,0,2
BRDA:72,7,1,0
BRDA:74,8,0,2
BRDA:74,8,1,0
BRDA:88,9,0,0
BRDA:88,9,1,2
BRDA:116,10,0,0
BRDA:116,10,1,2
BRDA:117,11,0,0
BRDA:117,11,1,0
BRDA:135,12,0,2
BRDA:135,12,1,0
BRDA:137,13,0,1
BRDA:137,13,1,1
BRDA:152,14,0,1
BRDA:152,14,1,1
BRDA:175,15,0,0
BRDA:175,15,1,1
BRDA:196,16,0,1
BRDA:196,16,1,0
BRDA:256,17,0,2
BRDA:256,17,1,2
BRDA:256,18,0,4
BRDA:256,18,1,2
BRDA:273,19,0,1
BRDA:273,19,1,1
BRDA:316,20,0,2
BRDA:316,20,1,1
BRDA:353,21,0,1
BRDA:353,21,1,4
BRDA:357,22,0,1
BRDA:357,22,1,3
BRDA:376,23,0,0
BRDA:376,23,1,3
BRDA:378,24,0,0
BRDA:378,24,1,0
BRDA:382,25,0,3
BRDA:382,25,1,0
BRDA:389,26,0,3
BRDA:389,26,1,0
BRDA:422,27,0,1
BRDA:422,27,1,2
BRDA:422,28,0,3
BRDA:422,28,1,3
BRDA:422,28,2,2
BRDA:439,29,0,1
BRDA:439,29,1,1
BRDA:444,30,0,0
BRDA:444,30,1,1
BRDA:458,31,0,0
BRDA:458,31,1,1
BRDA:460,32,0,0
BRDA:460,32,1,0
BRDA:463,33,0,1
BRDA:463,33,1,0
BRDA:470,34,0,1
BRDA:470,34,1,0
BRDA:473,35,0,1
BRDA:473,35,1,0
BRDA:488,36,0,0
BRDA:488,36,1,1
BRDA:490,37,0,0
BRDA:490,37,1,0
BRDA:491,38,0,1
BRDA:491,38,1,0
BRDA:518,39,0,0
BRDA:518,39,1,1
BRDA:532,40,0,0
BRDA:532,40,1,1
BRDA:541,41,0,0
BRDA:541,41,1,0
BRDA:545,42,0,0
BRDA:545,42,1,0
BRDA:549,43,0,0
BRDA:549,43,1,0
BRDA:570,44,0,0
BRDA:570,44,1,1
BRDA:583,45,0,1
BRDA:583,45,1,0
BRDA:620,46,0,0
BRDA:620,46,1,0
BRDA:625,47,0,0
BRDA:625,47,1,0
BRDA:631,48,0,0
BRDA:631,48,1,0
BRDA:637,49,0,0
BRDA:637,49,1,0
BRDA:638,50,0,0
BRDA:638,50,1,0
BRDA:646,51,0,0
BRDA:646,51,1,0
BRDA:654,52,0,0
BRDA:654,52,1,0
BRDA:674,53,0,0
BRDA:674,53,1,0
BRDA:688,54,0,0
BRDA:688,54,1,0
BRDA:690,55,0,0
BRDA:690,55,1,0
BRDA:693,56,0,0
BRDA:693,56,1,0
BRDA:700,57,0,0
BRDA:700,57,1,0
BRDA:737,58,0,0
BRDA:737,58,1,0
BRDA:751,59,0,0
BRDA:751,59,1,0
BRDA:751,60,0,0
BRDA:751,60,1,0
BRDA:751,60,2,0
BRDA:761,61,0,0
BRDA:761,61,1,0
BRDA:765,62,0,0
BRDA:765,62,1,0
BRDA:782,63,0,0
BRDA:782,63,1,0
BRDA:787,64,0,0
BRDA:787,64,1,0
BRDA:802,65,0,0
BRDA:802,65,1,0
BRDA:804,66,0,0
BRDA:804,66,1,0
BRDA:807,67,0,0
BRDA:807,67,1,0
BRDA:810,68,0,0
BRDA:810,68,1,0
BRDA:816,69,0,0
BRDA:816,69,1,0
BRDA:819,70,0,0
BRDA:819,70,1,0
BRDA:841,71,0,0
BRDA:841,71,1,0
BRDA:848,72,0,0
BRDA:848,72,1,0
BRDA:866,73,0,0
BRDA:866,73,1,0
BRDA:897,74,0,0
BRDA:897,74,1,0
BRDA:958,75,0,0
BRDA:958,75,1,0
BRDA:962,76,0,0
BRDA:962,76,1,0
BRDA:968,77,0,0
BRDA:968,77,1,0
BRDA:969,78,0,0
BRDA:969,78,1,0
BRDA:969,78,2,0
BRDA:999,79,0,0
BRDA:999,79,1,0
BRDA:1008,80,0,0
BRDA:1008,80,1,0
BRDA:1016,81,0,0
BRDA:1016,81,1,0
BRDA:1038,82,0,0
BRDA:1038,82,1,0
BRDA:1039,83,0,0
BRDA:1039,83,1,0
BRDA:1041,84,0,0
BRDA:1041,84,1,0
BRDA:1043,85,0,0
BRDA:1043,85,1,0
BRDA:1049,86,0,0
BRDA:1049,86,1,0
BRDA:1052,87,0,0
BRDA:1052,87,1,0
BRDA:1077,88,0,0
BRDA:1077,88,1,0
BRDA:1083,89,0,0
BRDA:1083,89,1,0
BRDA:1086,90,0,0
BRDA:1086,90,1,0
BRDA:1108,91,0,0
BRDA:1108,91,1,0
BRDA:1130,92,0,0
BRDA:1130,92,1,0
BRDA:1199,93,0,1
BRDA:1199,93,1,4
BRDA:1203,94,0,1
BRDA:1203,94,1,3
BRDA:1230,95,0,1
BRDA:1230,95,1,2
BRDA:1239,96,0,0
BRDA:1239,96,1,2
BRDA:1255,97,0,0
BRDA:1255,97,1,2
BRDA:1257,98,0,0
BRDA:1257,98,1,0
BRDA:1260,99,0,2
BRDA:1260,99,1,0
BRDA:1268,100,0,2
BRDA:1268,100,1,0
BRDA:1350,101,0,1
BRDA:1350,101,1,2
BRDA:1367,102,0,0
BRDA:1367,102,1,2
BRDA:1369,103,0,0
BRDA:1369,103,1,0
BRDA:1371,104,0,2
BRDA:1371,104,1,0
BRDA:1379,105,0,2
BRDA:1379,105,1,0
BRF:218
BRH:74
end_of_record
TN:
SF:controllers\RevenuesController.js
FN:9,(anonymous_0)
FN:260,(anonymous_1)
FN:309,(anonymous_2)
FN:337,(anonymous_3)
FN:361,(anonymous_4)
FN:384,(anonymous_5)
FN:400,(anonymous_6)
FN:602,(anonymous_7)
FN:635,(anonymous_8)
FN:649,(anonymous_9)
FN:709,(anonymous_10)
FNF:11
FNH:10
FNDA:9,(anonymous_0)
FNDA:2,(anonymous_1)
FNDA:2,(anonymous_2)
FNDA:3,(anonymous_3)
FNDA:1,(anonymous_4)
FNDA:8,(anonymous_5)
FNDA:7,(anonymous_6)
FNDA:5,(anonymous_7)
FNDA:3,(anonymous_8)
FNDA:2,(anonymous_9)
FNDA:0,(anonymous_10)
DA:1,6
DA:2,6
DA:4,6
DA:6,6
DA:10,9
DA:12,9
DA:13,9
DA:14,2
DA:19,7
DA:21,7
DA:27,7
DA:28,1
DA:33,6
DA:34,6
DA:36,6
DA:38,6
DA:40,6
DA:46,0
DA:52,6
DA:53,0
DA:59,6
DA:63,6
DA:64,3
DA:69,3
DA:70,3
DA:72,3
DA:77,0
DA:82,3
DA:83,0
DA:84,0
DA:90,0
DA:95,3
DA:99,0
DA:105,3
DA:106,3
DA:112,1
DA:117,2
DA:122,2
DA:126,0
DA:130,2
DA:134,0
DA:140,2
DA:142,2
DA:144,2
DA:145,0
DA:148,0
DA:153,2
DA:155,2
DA:156,2
DA:158,2
DA:159,0
DA:160,2
DA:165,2
DA:170,0
DA:173,0
DA:179,0
DA:182,0
DA:183,0
DA:184,0
DA:189,0
DA:190,0
DA:196,0
DA:201,2
DA:208,2
DA:228,2
DA:233,0
DA:234,0
DA:235,0
DA:237,0
DA:238,0
DA:239,0
DA:240,0
DA:251,0
DA:252,0
DA:254,0
DA:261,2
DA:262,2
DA:264,2
DA:265,1
DA:266,1
DA:280,1
DA:281,1
DA:285,0
DA:289,1
DA:298,1
DA:302,0
DA:303,0
DA:310,2
DA:311,2
DA:313,2
DA:324,2
DA:325,1
DA:328,1
DA:330,0
DA:331,0
DA:339,3
DA:341,3
DA:342,3
DA:354,3
DA:355,1
DA:358,2
DA:360,1
DA:361,1
DA:363,1
DA:370,1
DA:376,0
DA:377,0
DA:385,8
DA:386,8
DA:388,8
DA:390,8
DA:395,8
DA:396,1
DA:400,7
DA:401,7
DA:402,7
DA:405,7
DA:406,2
DA:407,2
DA:408,2
DA:411,2
DA:412,1
DA:414,1
DA:418,6
DA:419,4
DA:422,6
DA:423,2
DA:427,6
DA:435,6
DA:437,3
DA:439,3
DA:440,0
DA:443,0
DA:446,3
DA:447,3
DA:453,3
DA:454,0
DA:455,0
DA:456,3
DA:457,3
DA:459,3
DA:464,3
DA:465,0
DA:468,0
DA:470,0
DA:475,0
DA:480,3
DA:485,0
DA:490,3
DA:491,0
DA:492,0
DA:498,0
DA:503,3
DA:507,1
DA:513,2
DA:514,2
DA:520,0
DA:525,2
DA:529,2
DA:530,1
DA:534,1
DA:535,0
DA:541,1
DA:543,1
DA:545,1
DA:546,0
DA:549,0
DA:554,1
DA:557,4
DA:559,4
DA:565,4
DA:571,3
DA:572,3
DA:574,3
DA:575,0
DA:576,0
DA:577,3
DA:580,1
DA:581,1
DA:582,2
DA:591,2
DA:592,2
DA:595,3
DA:603,5
DA:604,5
DA:606,5
DA:607,5
DA:628,5
DA:629,2
DA:633,3
DA:634,3
DA:635,3
DA:638,3
DA:640,3
DA:642,1
DA:649,2
DA:650,2
DA:653,2
DA:654,2
DA:657,2
DA:668,1
DA:672,1
DA:674,0
DA:677,0
DA:682,1
DA:687,1
DA:691,1
DA:692,1
DA:693,0
DA:700,1
DA:709,0
DA:710,0
DA:715,0
DA:718,0
DA:725,1
DA:727,1
DA:728,1
DA:730,1
DA:732,1
DA:733,1
DA:737,1
DA:745,6
LF:222
LH:159
BRDA:13,0,0,2
BRDA:13,0,1,7
BRDA:13,1,0,9
BRDA:13,1,1,9
BRDA:13,1,2,9
BRDA:13,1,3,8
BRDA:27,2,0,1
BRDA:27,2,1,6
BRDA:40,3,0,0
BRDA:40,3,1,6
BRDA:41,4,0,6
BRDA:41,4,1,6
BRDA:41,4,2,6
BRDA:41,4,3,6
BRDA:52,5,0,0
BRDA:52,5,1,6
BRDA:63,6,0,3
BRDA:63,6,1,3
BRDA:72,7,0,0
BRDA:72,7,1,3
BRDA:73,8,0,3
BRDA:73,8,1,3
BRDA:73,8,2,3
BRDA:82,9,0,0
BRDA:82,9,1,3
BRDA:95,10,0,0
BRDA:95,10,1,3
BRDA:96,11,0,3
BRDA:96,11,1,3
BRDA:122,12,0,0
BRDA:122,12,1,2
BRDA:123,13,0,2
BRDA:123,13,1,2
BRDA:130,14,0,0
BRDA:130,14,1,2
BRDA:131,15,0,2
BRDA:131,15,1,2
BRDA:144,16,0,0
BRDA:144,16,1,2
BRDA:144,17,0,2
BRDA:144,17,1,2
BRDA:158,18,0,0
BRDA:158,18,1,2
BRDA:160,19,0,2
BRDA:160,19,1,0
BRDA:170,20,0,0
BRDA:170,20,1,0
BRDA:182,21,0,0
BRDA:182,21,1,0
BRDA:183,22,0,0
BRDA:183,22,1,0
BRDA:189,23,0,0
BRDA:189,23,1,0
BRDA:213,24,0,2
BRDA:213,24,1,0
BRDA:237,25,0,0
BRDA:237,25,1,0
BRDA:240,26,0,0
BRDA:240,26,1,0
BRDA:241,27,0,0
BRDA:241,27,1,0
BRDA:241,27,2,0
BRDA:241,27,3,0
BRDA:241,27,4,0
BRDA:241,27,5,0
BRDA:241,27,6,0
BRDA:241,27,7,0
BRDA:241,27,8,0
BRDA:264,28,0,1
BRDA:264,28,1,1
BRDA:264,29,0,2
BRDA:264,29,1,1
BRDA:280,30,0,1
BRDA:280,30,1,0
BRDA:324,31,0,1
BRDA:324,31,1,1
BRDA:354,32,0,1
BRDA:354,32,1,2
BRDA:358,33,0,1
BRDA:358,33,1,1
BRDA:395,34,0,1
BRDA:395,34,1,7
BRDA:405,35,0,2
BRDA:405,35,1,5
BRDA:407,36,0,2
BRDA:407,36,1,0
BRDA:411,37,0,1
BRDA:411,37,1,1
BRDA:411,38,0,2
BRDA:411,38,1,1
BRDA:418,39,0,4
BRDA:418,39,1,2
BRDA:422,40,0,2
BRDA:422,40,1,4
BRDA:423,41,0,2
BRDA:423,41,1,0
BRDA:439,42,0,0
BRDA:439,42,1,3
BRDA:453,43,0,0
BRDA:453,43,1,3
BRDA:456,44,0,3
BRDA:456,44,1,0
BRDA:459,45,0,3
BRDA:459,45,1,0
BRDA:465,46,0,0
BRDA:465,46,1,0
BRDA:480,47,0,0
BRDA:480,47,1,3
BRDA:481,48,0,3
BRDA:481,48,1,3
BRDA:481,48,2,3
BRDA:490,49,0,0
BRDA:490,49,1,3
BRDA:503,50,0,1
BRDA:503,50,1,2
BRDA:504,51,0,3
BRDA:504,51,1,3
BRDA:529,52,0,1
BRDA:529,52,1,1
BRDA:529,53,0,2
BRDA:529,53,1,2
BRDA:534,54,0,0
BRDA:534,54,1,1
BRDA:534,55,0,1
BRDA:534,55,1,1
BRDA:545,56,0,0
BRDA:545,56,1,1
BRDA:545,57,0,1
BRDA:545,57,1,1
BRDA:574,58,0,0
BRDA:574,58,1,3
BRDA:577,59,0,1
BRDA:577,59,1,2
BRDA:582,60,0,2
BRDA:582,60,1,0
BRDA:583,61,0,2
BRDA:583,61,1,1
BRDA:583,61,2,1
BRDA:583,61,3,1
BRDA:583,61,4,0
BRDA:583,61,5,0
BRDA:583,61,6,0
BRDA:628,62,0,2
BRDA:628,62,1,3
BRDA:638,63,0,3
BRDA:638,63,1,0
BRDA:640,64,0,1
BRDA:640,64,1,2
BRDA:672,65,0,0
BRDA:672,65,1,1
BRDA:692,66,0,0
BRDA:692,66,1,1
BRDA:730,67,0,1
BRDA:730,67,1,0
BRF:154
BRH:100
end_of_record
TN:
SF:controllers\RevenuesIngredientController.js
FN:7,(anonymous_0)
FN:86,(anonymous_1)
FN:175,(anonymous_2)
FNF:3
FNH:1
FNDA:1,(anonymous_0)
FNDA:0,(anonymous_1)
FNDA:0,(anonymous_2)
DA:1,6
DA:2,6
DA:3,6
DA:8,1
DA:9,1
DA:10,1
DA:12,1
DA:13,0
DA:15,1
DA:16,0
DA:20,1
DA:24,1
DA:25,0
DA:29,1
DA:34,1
DA:35,0
DA:38,1
DA:39,1
DA:42,1
DA:44,1
DA:45,0
DA:46,0
DA:48,0
DA:49,1
DA:50,1
DA:51,0
DA:54,1
DA:55,0
DA:56,0
DA:57,0
DA:60,0
DA:62,0
DA:65,1
DA:74,0
DA:77,1
DA:79,1
DA:80,0
DA:82,1
DA:87,0
DA:88,0
DA:89,0
DA:91,0
DA:92,0
DA:94,0
DA:95,0
DA:98,0
DA:99,0
DA:104,0
DA:108,0
DA:109,0
DA:113,0
DA:118,0
DA:119,0
DA:122,0
DA:123,0
DA:125,0
DA:128,0
DA:129,0
DA:130,0
DA:131,0
DA:133,0
DA:134,0
DA:135,0
DA:136,0
DA:137,0
DA:139,0
DA:140,0
DA:141,0
DA:142,0
DA:143,0
DA:145,0
DA:146,0
DA:148,0
DA:150,0
DA:152,0
DA:156,0
DA:164,0
DA:167,0
DA:168,0
DA:169,0
DA:171,0
DA:176,0
DA:177,0
DA:179,0
DA:180,0
DA:184,0
DA:188,0
DA:189,0
DA:192,0
DA:196,0
DA:199,0
DA:200,0
DA:206,6
LF:93
LH:24
BRDA:12,0,0,0
BRDA:12,0,1,1
BRDA:12,1,0,1
BRDA:12,1,1,1
BRDA:12,1,2,1
BRDA:12,1,3,1
BRDA:15,2,0,0
BRDA:15,2,1,1
BRDA:24,3,0,0
BRDA:24,3,1,1
BRDA:34,4,0,0
BRDA:34,4,1,1
BRDA:44,5,0,0
BRDA:44,5,1,1
BRDA:45,6,0,0
BRDA:45,6,1,0
BRDA:49,7,0,1
BRDA:49,7,1,0
BRDA:50,8,0,0
BRDA:50,8,1,1
BRDA:55,9,0,0
BRDA:55,9,1,0
BRDA:56,10,0,0
BRDA:56,10,1,0
BRDA:79,11,0,0
BRDA:79,11,1,1
BRDA:79,12,0,1
BRDA:79,12,1,1
BRDA:79,12,2,1
BRDA:91,13,0,0
BRDA:91,13,1,0
BRDA:91,14,0,0
BRDA:91,14,1,0
BRDA:94,15,0,0
BRDA:94,15,1,0
BRDA:94,16,0,0
BRDA:94,16,1,0
BRDA:98,17,0,0
BRDA:98,17,1,0
BRDA:98,18,0,0
BRDA:98,18,1,0
BRDA:108,19,0,0
BRDA:108,19,1,0
BRDA:118,20,0,0
BRDA:118,20,1,0
BRDA:128,21,0,0
BRDA:128,21,1,0
BRDA:128,22,0,0
BRDA:128,22,1,0
BRDA:129,23,0,0
BRDA:129,23,1,0
BRDA:130,24,0,0
BRDA:130,24,1,0
BRDA:135,25,0,0
BRDA:135,25,1,0
BRDA:136,26,0,0
BRDA:136,26,1,0
BRDA:141,27,0,0
BRDA:141,27,1,0
BRDA:142,28,0,0
BRDA:142,28,1,0
BRDA:150,29,0,0
BRDA:150,29,1,0
BRDA:150,30,0,0
BRDA:150,30,1,0
BRDA:168,31,0,0
BRDA:168,31,1,0
BRDA:168,32,0,0
BRDA:168,32,1,0
BRDA:168,32,2,0
BRDA:179,33,0,0
BRDA:179,33,1,0
BRDA:179,34,0,0
BRDA:179,34,1,0
BRDA:188,35,0,0
BRDA:188,35,1,0
BRF:76
BRH:15
end_of_record
TN:
SF:controllers\StockController.js
FN:8,(anonymous_0)
FN:134,(anonymous_1)
FN:169,(anonymous_2)
FN:191,(anonymous_3)
FN:209,(anonymous_4)
FN:243,(anonymous_5)
FN:259,(anonymous_6)
FN:297,(anonymous_7)
FN:313,(anonymous_8)
FN:417,(anonymous_9)
FN:470,(anonymous_10)
FN:475,(anonymous_11)
FN:478,(anonymous_12)
FN:486,(anonymous_13)
FN:487,(anonymous_14)
FN:503,(anonymous_15)
FN:600,(anonymous_16)
FNF:17
FNH:11
FNDA:7,(anonymous_0)
FNDA:3,(anonymous_1)
FNDA:3,(anonymous_2)
FNDA:0,(anonymous_3)
FNDA:0,(anonymous_4)
FNDA:3,(anonymous_5)
FNDA:24,(anonymous_6)
FNDA:0,(anonymous_7)
FNDA:0,(anonymous_8)
FNDA:5,(anonymous_9)
FNDA:3,(anonymous_10)
FNDA:3,(anonymous_11)
FNDA:3,(anonymous_12)
FNDA:0,(anonymous_13)
FNDA:0,(anonymous_14)
FNDA:1,(anonymous_15)
FNDA:1,(anonymous_16)
DA:1,6
DA:2,6
DA:3,6
DA:5,6
DA:9,7
DA:19,7
DA:21,7
DA:22,1
DA:25,6
DA:26,1
DA:33,5
DA:37,1
DA:44,4
DA:45,4
DA:51,0
DA:57,4
DA:58,0
DA:65,4
DA:66,0
DA:73,4
DA:74,0
DA:79,4
DA:80,0
DA:83,4
DA:85,4
DA:88,4
DA:89,1
DA:92,3
DA:93,3
DA:94,3
DA:95,3
DA:96,0
DA:98,3
DA:99,3
DA:100,3
DA:101,3
DA:104,3
DA:106,3
DA:121,3
DA:126,0
DA:127,0
DA:135,3
DA:136,3
DA:138,3
DA:139,2
DA:147,2
DA:148,1
DA:153,1
DA:158,1
DA:159,1
DA:163,0
DA:170,3
DA:172,3
DA:173,3
DA:177,3
DA:178,3
DA:181,0
DA:183,0
DA:192,0
DA:193,0
DA:195,0
DA:207,0
DA:208,0
DA:209,0
DA:211,0
DA:213,0
DA:219,0
DA:226,0
DA:227,0
DA:229,0
DA:231,0
DA:232,0
DA:233,0
DA:236,0
DA:244,3
DA:245,3
DA:247,3
DA:258,3
DA:259,3
DA:260,24
DA:261,2
DA:265,3
DA:266,1
DA:271,2
DA:272,0
DA:275,2
DA:279,0
DA:282,2
DA:293,2
DA:294,2
DA:297,0
DA:298,0
DA:303,0
DA:307,0
DA:312,0
DA:313,0
DA:316,0
DA:317,0
DA:322,0
DA:323,0
DA:324,0
DA:325,0
DA:328,0
DA:332,0
DA:333,0
DA:336,0
DA:339,0
DA:342,0
DA:343,0
DA:345,0
DA:349,0
DA:354,0
DA:358,0
DA:360,0
DA:365,0
DA:367,0
DA:371,0
DA:375,0
DA:382,0
DA:385,0
DA:390,0
DA:392,0
DA:393,0
DA:395,0
DA:396,0
DA:397,0
DA:398,0
DA:402,0
DA:403,0
DA:404,0
DA:406,0
DA:407,0
DA:410,0
DA:418,5
DA:419,5
DA:421,5
DA:424,5
DA:431,5
DA:432,0
DA:436,5
DA:469,5
DA:470,3
DA:474,5
DA:475,3
DA:477,5
DA:478,3
DA:481,5
DA:483,1
DA:485,0
DA:487,0
DA:491,0
DA:503,1
DA:504,1
DA:505,1
DA:507,1
DA:508,1
DA:511,1
DA:520,1
DA:524,1
DA:531,1
DA:536,1
DA:539,1
DA:542,1
DA:544,1
DA:548,1
DA:549,1
DA:552,1
DA:559,1
DA:563,1
DA:564,1
DA:565,1
DA:569,1
DA:570,1
DA:573,1
DA:582,4
DA:588,2
DA:589,1
DA:600,1
DA:601,1
DA:602,1
DA:603,1
DA:606,1
DA:615,1
DA:619,1
DA:620,1
DA:623,1
DA:627,1
DA:631,1
DA:632,1
DA:633,1
DA:638,1
DA:647,2
DA:650,2
DA:656,0
DA:657,0
DA:659,0
DA:661,0
DA:669,6
LF:198
LH:118
BRDA:21,0,0,1
BRDA:21,0,1,6
BRDA:21,1,0,7
BRDA:21,1,1,6
BRDA:25,2,0,1
BRDA:25,2,1,5
BRDA:25,3,0,6
BRDA:25,3,1,6
BRDA:25,3,2,6
BRDA:33,4,0,1
BRDA:33,4,1,4
BRDA:34,5,0,5
BRDA:34,5,1,5
BRDA:44,6,0,4
BRDA:44,6,1,0
BRDA:45,7,0,0
BRDA:45,7,1,4
BRDA:46,8,0,4
BRDA:46,8,1,4
BRDA:46,8,2,4
BRDA:46,8,3,4
BRDA:57,9,0,0
BRDA:57,9,1,4
BRDA:57,10,0,4
BRDA:57,10,1,4
BRDA:57,10,2,4
BRDA:65,11,0,0
BRDA:65,11,1,4
BRDA:73,12,0,0
BRDA:73,12,1,4
BRDA:73,13,0,4
BRDA:73,13,1,4
BRDA:73,13,2,4
BRDA:79,14,0,0
BRDA:79,14,1,4
BRDA:79,15,0,4
BRDA:79,15,1,4
BRDA:88,16,0,1
BRDA:88,16,1,3
BRDA:93,17,0,3
BRDA:93,17,1,0
BRDA:95,18,0,0
BRDA:95,18,1,3
BRDA:112,19,0,0
BRDA:112,19,1,3
BRDA:126,20,0,0
BRDA:126,20,1,0
BRDA:129,21,0,0
BRDA:129,21,1,0
BRDA:138,22,0,2
BRDA:138,22,1,1
BRDA:138,23,0,3
BRDA:138,23,1,2
BRDA:147,24,0,1
BRDA:147,24,1,1
BRDA:177,25,0,3
BRDA:177,25,1,0
BRDA:207,26,0,0
BRDA:207,26,1,0
BRDA:231,27,0,0
BRDA:231,27,1,0
BRDA:260,28,0,2
BRDA:260,28,1,22
BRDA:265,29,0,1
BRDA:265,29,1,2
BRDA:271,30,0,0
BRDA:271,30,1,2
BRDA:275,31,0,0
BRDA:275,31,1,2
BRDA:276,32,0,2
BRDA:276,32,1,0
BRDA:293,33,0,2
BRDA:293,33,1,0
BRDA:303,34,0,0
BRDA:303,34,1,0
BRDA:304,35,0,0
BRDA:304,35,1,0
BRDA:322,36,0,0
BRDA:322,36,1,0
BRDA:328,37,0,0
BRDA:328,37,1,0
BRDA:332,38,0,0
BRDA:332,38,1,0
BRDA:342,39,0,0
BRDA:342,39,1,0
BRDA:343,40,0,0
BRDA:343,40,1,0
BRDA:358,41,0,0
BRDA:358,41,1,0
BRDA:395,42,0,0
BRDA:395,42,1,0
BRDA:398,43,0,0
BRDA:398,43,1,0
BRDA:399,44,0,0
BRDA:399,44,1,0
BRDA:404,45,0,0
BRDA:404,45,1,0
BRDA:431,46,0,0
BRDA:431,46,1,5
BRDA:481,47,0,1
BRDA:481,47,1,4
BRDA:483,48,0,0
BRDA:483,48,1,1
BRDA:524,49,0,1
BRDA:524,49,1,0
BRDA:548,50,0,1
BRDA:548,50,1,0
BRDA:564,51,0,1
BRDA:564,51,1,0
BRDA:569,52,0,1
BRDA:569,52,1,0
BRDA:582,53,0,2
BRDA:582,53,1,2
BRDA:583,54,0,4
BRDA:583,54,1,2
BRDA:588,55,0,1
BRDA:588,55,1,1
BRDA:619,56,0,1
BRDA:619,56,1,0
BRDA:632,57,0,1
BRDA:632,57,1,0
BRDA:657,58,0,0
BRDA:657,58,1,0
BRF:123
BRH:67
end_of_record
TN:
SF:controllers\UserController.js
FN:8,(anonymous_0)
FN:80,(anonymous_1)
FN:107,(anonymous_2)
FN:125,(anonymous_3)
FN:130,(anonymous_4)
FN:151,(anonymous_5)
FN:182,(anonymous_6)
FNF:7
FNH:7
FNDA:3,(anonymous_0)
FNDA:2,(anonymous_1)
FNDA:1,(anonymous_2)
FNDA:2,(anonymous_3)
FNDA:8,(anonymous_4)
FNDA:2,(anonymous_5)
FNDA:2,(anonymous_6)
DA:1,6
DA:2,6
DA:4,6
DA:9,3
DA:18,3
DA:20,3
DA:21,0
DA:23,3
DA:24,0
DA:26,3
DA:27,0
DA:29,3
DA:30,0
DA:32,3
DA:33,0
DA:35,3
DA:36,0
DA:38,3
DA:39,0
DA:43,3
DA:44,1
DA:45,0
DA:48,1
DA:51,1
DA:52,1
DA:56,2
DA:57,2
DA:67,1
DA:69,1
DA:70,1
DA:71,1
DA:72,1
DA:73,0
DA:76,1
DA:81,2
DA:82,2
DA:83,2
DA:84,1
DA:92,1
DA:93,0
DA:96,1
DA:99,1
DA:100,1
DA:103,0
DA:108,1
DA:109,1
DA:110,1
DA:116,1
DA:117,1
DA:119,0
DA:121,0
DA:126,2
DA:127,2
DA:128,2
DA:129,2
DA:130,2
DA:131,8
DA:132,1
DA:135,2
DA:136,1
DA:138,1
DA:142,1
DA:147,0
DA:152,2
DA:153,2
DA:154,2
DA:155,2
DA:156,0
DA:158,2
DA:161,2
DA:162,0
DA:164,2
DA:165,1
DA:167,1
DA:173,1
DA:178,0
DA:183,2
DA:184,2
DA:185,2
DA:186,2
DA:187,0
DA:189,2
DA:192,2
DA:193,0
DA:195,2
DA:196,0
DA:198,2
DA:199,1
DA:201,1
DA:204,1
DA:206,0
DA:212,6
LF:92
LH:71
BRDA:20,0,0,0
BRDA:20,0,1,3
BRDA:23,1,0,0
BRDA:23,1,1,3
BRDA:26,2,0,0
BRDA:26,2,1,3
BRDA:29,3,0,0
BRDA:29,3,1,3
BRDA:32,4,0,0
BRDA:32,4,1,3
BRDA:35,5,0,0
BRDA:35,5,1,3
BRDA:38,6,0,0
BRDA:38,6,1,3
BRDA:43,7,0,1
BRDA:43,7,1,2
BRDA:43,8,0,3
BRDA:43,8,1,2
BRDA:44,9,0,0
BRDA:44,9,1,1
BRDA:48,10,0,1
BRDA:48,10,1,0
BRDA:51,11,0,1
BRDA:51,11,1,0
BRDA:70,12,0,1
BRDA:70,12,1,0
BRDA:71,13,0,1
BRDA:71,13,1,0
BRDA:72,14,0,0
BRDA:72,14,1,1
BRDA:83,15,0,1
BRDA:83,15,1,1
BRDA:83,16,0,2
BRDA:83,16,1,1
BRDA:92,17,0,0
BRDA:92,17,1,1
BRDA:116,18,0,1
BRDA:116,18,1,0
BRDA:131,19,0,1
BRDA:131,19,1,7
BRDA:135,20,0,1
BRDA:135,20,1,1
BRDA:155,21,0,0
BRDA:155,21,1,2
BRDA:161,22,0,0
BRDA:161,22,1,2
BRDA:164,23,0,1
BRDA:164,23,1,1
BRDA:186,24,0,0
BRDA:186,24,1,2
BRDA:192,25,0,0
BRDA:192,25,1,2
BRDA:195,26,0,0
BRDA:195,26,1,2
BRDA:198,27,0,1
BRDA:198,27,1,1
BRF:56
BRH:36
end_of_record
TN:
SF:controllers\middlewares\checkToken.js
FN:6,checkToken
FNF:1
FNH:1
FNDA:82,checkToken
DA:1,6
DA:2,6
DA:4,6
DA:7,82
DA:9,82
DA:11,82
DA:13,82
DA:14,82
DA:15,82
DA:17,0
DA:21,6
LF:11
LH:10
BRDA:9,0,0,82
BRDA:9,0,1,82
BRDA:11,1,0,0
BRDA:11,1,1,82
BRF:4
BRH:3
end_of_record
TN:
SF:controllers\utils\convertToBase.js
FN:1,convertToBase
FNF:1
FNH:1
FNDA:33,convertToBase
DA:2,33
DA:3,3
DA:6,30
DA:7,30
DA:9,30
DA:10,4
DA:11,13
DA:12,4
DA:13,3
DA:14,2
DA:15,2
DA:16,2
DA:20,7
LF:13
LH:13
BRDA:2,0,0,3
BRDA:2,0,1,30
BRDA:2,1,0,33
BRDA:2,1,1,32
BRDA:2,1,2,31
BRDA:9,2,0,4
BRDA:9,2,1,13
BRDA:9,2,2,4
BRDA:9,2,3,3
BRDA:9,2,4,2
BRDA:9,2,5,2
BRDA:9,2,6,2
BRF:12
BRH:12
end_of_record
TN:
SF:controllers\utils\excludeKey.js
FN:1,exclude
FN:3,(anonymous_1)
FNF:2
FNH:2
FNDA:7,exclude
FNDA:37,(anonymous_1)
DA:2,7
DA:3,37
DA:7,7
LF:3
LH:3
BRF:0
BRH:0
end_of_record
TN:
SF:controllers\utils\recipeUnitConverter.js
FN:3,convertRecipeUnits
FNF:1
FNH:1
FNDA:34,convertRecipeUnits
DA:1,7
DA:4,34
DA:5,3
DA:8,31
DA:9,31
DA:10,31
DA:12,31
DA:13,6
DA:18,25
DA:19,4
DA:20,8
DA:21,6
DA:23,2
DA:24,2
DA:27,1
DA:28,1
DA:30,0
DA:32,2
DA:36,22
DA:37,4
DA:38,6
DA:39,6
DA:41,2
DA:42,2
DA:45,1
DA:47,1
DA:52,7
LF:27
LH:26
BRDA:4,0,0,3
BRDA:4,0,1,31
BRDA:4,1,0,34
BRDA:4,1,1,33
BRDA:4,1,2,32
BRDA:12,2,0,6
BRDA:12,2,1,25
BRDA:18,3,0,4
BRDA:18,3,1,8
BRDA:18,3,2,6
BRDA:18,3,3,2
BRDA:18,3,4,2
BRDA:18,3,5,1
BRDA:18,3,6,2
BRDA:27,4,0,1
BRDA:27,4,1,0
BRDA:36,5,0,4
BRDA:36,5,1,6
BRDA:36,5,2,6
BRDA:36,5,3,2
BRDA:36,5,4,2
BRDA:36,5,5,1
BRDA:36,5,6,1
BRF:23
BRH:22
end_of_record
TN:
SF:routes\index.js
FNF:0
FNH:0
DA:1,6
DA:2,6
DA:3,6
DA:4,6
DA:5,6
DA:6,6
DA:8,6
DA:10,6
DA:11,6
DA:12,6
DA:13,6
DA:14,6
DA:16,6
LF:13
LH:13
BRF:0
BRH:0
end_of_record
TN:
SF:routes\loginRoutes.js
FNF:0
FNH:0
DA:1,6
DA:2,6
DA:4,6
DA:6,6
DA:8,6
LF:5
LH:5
BRF:0
BRH:0
end_of_record
TN:
SF:routes\orderRoutes.js
FNF:0
FNH:0
DA:1,6
DA:2,6
DA:3,6
DA:6,6
DA:8,6
DA:11,6
DA:14,6
DA:17,6
DA:20,6
DA:23,6
DA:26,6
DA:28,6
LF:12
LH:12
BRF:0
BRH:0
end_of_record
TN:
SF:routes\revenuesRoutes.js
FNF:0
FNH:0
DA:1,6
DA:2,6
DA:3,6
DA:4,6
DA:6,6
DA:8,6
DA:9,6
DA:10,6
DA:12,6
DA:14,6
DA:15,6
DA:16,6
DA:17,6
DA:18,6
DA:20,6
LF:15
LH:15
BRF:0
BRH:0
end_of_record
TN:
SF:routes\stockRoutes.js
FNF:0
FNH:0
DA:1,6
DA:2,6
DA:3,6
DA:5,6
DA:6,6
DA:7,6
DA:8,6
DA:9,6
DA:10,6
DA:12,6
LF:10
LH:10
BRF:0
BRH:0
end_of_record
TN:
SF:routes\userRoutes.js
FNF:0
FNH:0
DA:1,6
DA:2,6
DA:3,6
DA:5,6
DA:7,6
DA:8,6
DA:9,6
DA:10,6
DA:11,6
DA:12,6
DA:14,6
LF:11
LH:11
BRF:0
BRH:0
end_of_record
